Probing r1 on 10 nuScenes samples
Prepared 10 samples
VLM/Expert both have 36 layers
  [base 1/10] pred_3s=(-0.50,0.00)
  [base 2/10] pred_3s=(0.44,-0.00)
  [base 3/10] pred_3s=(30.17,-0.01)
  [base 4/10] pred_3s=(9.66,0.15)
  [base 5/10] pred_3s=(13.39,0.00)
  [base 6/10] pred_3s=(14.04,-0.15)
  [base 7/10] pred_3s=(22.32,-0.12)
  [base 8/10] pred_3s=(29.02,0.17)
  [base 9/10] pred_3s=(13.48,-0.09)
  [base 10/10] pred_3s=(23.06,0.26)
Skipping ablation on critical layers: [0, 35] (angular score very high → not drop candidates anyway)
  [layer  0] skipped (critical)
  [layer  1 / vlm_only   ] Δ3s=1.2313 m (n_ok=10/10)
  [layer  1 / expert_only] Δ3s=1.1410 m (n_ok=10/10)
  [layer  1 / both       ] Δ3s=1.5838 m (n_ok=10/10)
  [layer  2 / vlm_only   ] Δ3s=1.5138 m (n_ok=10/10)
  [layer  2 / expert_only] Δ3s=1.5844 m (n_ok=10/10)
  [layer  2 / both       ] Δ3s=2.4893 m (n_ok=10/10)
  [layer  3 / vlm_only   ] Δ3s=1.6989 m (n_ok=10/10)
  [layer  3 / expert_only] Δ3s=0.8869 m (n_ok=10/10)
  [layer  3 / both       ] Δ3s=1.8405 m (n_ok=10/10)
  [layer  4 / vlm_only   ] Δ3s=1.9016 m (n_ok=10/10)
  [layer  4 / expert_only] Δ3s=1.4477 m (n_ok=10/10)
  [layer  4 / both       ] Δ3s=1.9397 m (n_ok=10/10)
  [layer  5 / vlm_only   ] Δ3s=1.7445 m (n_ok=10/10)
  [layer  5 / expert_only] Δ3s=1.6676 m (n_ok=10/10)
  [layer  5 / both       ] Δ3s=2.4245 m (n_ok=10/10)
  [layer  6 / vlm_only   ] Δ3s=2.2533 m (n_ok=10/10)
  [layer  6 / expert_only] Δ3s=2.3096 m (n_ok=10/10)
  [layer  6 / both       ] Δ3s=1.7008 m (n_ok=10/10)
  [layer  7 / vlm_only   ] Δ3s=1.7233 m (n_ok=10/10)
  [layer  7 / expert_only] Δ3s=1.9049 m (n_ok=10/10)
  [layer  7 / both       ] Δ3s=1.7467 m (n_ok=10/10)
  [layer  8 / vlm_only   ] Δ3s=1.7172 m (n_ok=10/10)
  [layer  8 / expert_only] Δ3s=1.1811 m (n_ok=10/10)
  [layer  8 / both       ] Δ3s=2.0184 m (n_ok=10/10)
  [layer  9 / vlm_only   ] Δ3s=2.6150 m (n_ok=10/10)
  [layer  9 / expert_only] Δ3s=1.4913 m (n_ok=10/10)
  [layer  9 / both       ] Δ3s=1.4815 m (n_ok=10/10)
  [layer 10 / vlm_only   ] Δ3s=2.1436 m (n_ok=10/10)
  [layer 10 / expert_only] Δ3s=1.3571 m (n_ok=10/10)
  [layer 10 / both       ] Δ3s=2.5516 m (n_ok=10/10)
  [layer 11 / vlm_only   ] Δ3s=2.6884 m (n_ok=10/10)
  [layer 11 / expert_only] Δ3s=2.0973 m (n_ok=10/10)
  [layer 11 / both       ] Δ3s=3.4510 m (n_ok=10/10)
  [layer 12 / vlm_only   ] Δ3s=2.4027 m (n_ok=10/10)
  [layer 12 / expert_only] Δ3s=1.7760 m (n_ok=10/10)
  [layer 12 / both       ] Δ3s=1.9089 m (n_ok=10/10)
  [layer 13 / vlm_only   ] Δ3s=1.1184 m (n_ok=10/10)
  [layer 13 / expert_only] Δ3s=2.1104 m (n_ok=10/10)
  [layer 13 / both       ] Δ3s=1.5815 m (n_ok=10/10)
  [layer 14 / vlm_only   ] Δ3s=1.6384 m (n_ok=10/10)
  [layer 14 / expert_only] Δ3s=2.0329 m (n_ok=10/10)
  [layer 14 / both       ] Δ3s=1.3510 m (n_ok=10/10)
  [layer 15 / vlm_only   ] Δ3s=1.0450 m (n_ok=10/10)
  [layer 15 / expert_only] Δ3s=1.5433 m (n_ok=10/10)
  [layer 15 / both       ] Δ3s=1.6759 m (n_ok=10/10)
  [layer 16 / vlm_only   ] Δ3s=1.4793 m (n_ok=10/10)
  [layer 16 / expert_only] Δ3s=1.4177 m (n_ok=10/10)
  [layer 16 / both       ] Δ3s=1.8710 m (n_ok=10/10)
  [layer 17 / vlm_only   ] Δ3s=1.8232 m (n_ok=10/10)
  [layer 17 / expert_only] Δ3s=1.7708 m (n_ok=10/10)
  [layer 17 / both       ] Δ3s=1.4457 m (n_ok=10/10)
  [layer 18 / vlm_only   ] Δ3s=1.2344 m (n_ok=10/10)
  [layer 18 / expert_only] Δ3s=1.2396 m (n_ok=10/10)
  [layer 18 / both       ] Δ3s=1.9192 m (n_ok=10/10)
  [layer 19 / vlm_only   ] Δ3s=1.6345 m (n_ok=10/10)
  [layer 19 / expert_only] Δ3s=1.5534 m (n_ok=10/10)
  [layer 19 / both       ] Δ3s=1.4013 m (n_ok=10/10)
  [layer 20 / vlm_only   ] Δ3s=1.3884 m (n_ok=10/10)
  [layer 20 / expert_only] Δ3s=1.1024 m (n_ok=10/10)
  [layer 20 / both       ] Δ3s=1.7722 m (n_ok=10/10)
  [layer 21 / vlm_only   ] Δ3s=1.9871 m (n_ok=10/10)
  [layer 21 / expert_only] Δ3s=1.3815 m (n_ok=10/10)
  [layer 21 / both       ] Δ3s=1.7151 m (n_ok=10/10)
  [layer 22 / vlm_only   ] Δ3s=1.4515 m (n_ok=10/10)
  [layer 22 / expert_only] Δ3s=1.9456 m (n_ok=10/10)
  [layer 22 / both       ] Δ3s=1.6407 m (n_ok=10/10)
  [layer 23 / vlm_only   ] Δ3s=1.5673 m (n_ok=10/10)
  [layer 23 / expert_only] Δ3s=1.7002 m (n_ok=10/10)
  [layer 23 / both       ] Δ3s=2.6571 m (n_ok=10/10)
  [layer 24 / vlm_only   ] Δ3s=2.3768 m (n_ok=10/10)
  [layer 24 / expert_only] Δ3s=1.7212 m (n_ok=10/10)
  [layer 24 / both       ] Δ3s=1.7111 m (n_ok=10/10)
  [layer 25 / vlm_only   ] Δ3s=1.1066 m (n_ok=10/10)
  [layer 25 / expert_only] Δ3s=1.2133 m (n_ok=10/10)
  [layer 25 / both       ] Δ3s=1.8976 m (n_ok=10/10)
  [layer 26 / vlm_only   ] Δ3s=1.8411 m (n_ok=10/10)
  [layer 26 / expert_only] Δ3s=1.6470 m (n_ok=10/10)
  [layer 26 / both       ] Δ3s=1.3148 m (n_ok=10/10)
  [layer 27 / vlm_only   ] Δ3s=1.2296 m (n_ok=10/10)
  [layer 27 / expert_only] Δ3s=1.0482 m (n_ok=10/10)
  [layer 27 / both       ] Δ3s=2.3241 m (n_ok=10/10)
  [layer 28 / vlm_only   ] Δ3s=1.3366 m (n_ok=10/10)
  [layer 28 / expert_only] Δ3s=1.4911 m (n_ok=10/10)
  [layer 28 / both       ] Δ3s=1.3299 m (n_ok=10/10)
  [layer 29 / vlm_only   ] Δ3s=1.5890 m (n_ok=10/10)
  [layer 29 / expert_only] Δ3s=2.2292 m (n_ok=10/10)
  [layer 29 / both       ] Δ3s=2.1323 m (n_ok=10/10)
  [layer 30 / vlm_only   ] Δ3s=1.3718 m (n_ok=10/10)
  [layer 30 / expert_only] Δ3s=2.1618 m (n_ok=10/10)
  [layer 30 / both       ] Δ3s=1.6338 m (n_ok=10/10)
  [layer 31 / vlm_only   ] Δ3s=1.7896 m (n_ok=10/10)
  [layer 31 / expert_only] Δ3s=1.4038 m (n_ok=10/10)
  [layer 31 / both       ] Δ3s=1.7437 m (n_ok=10/10)
  [layer 32 / vlm_only   ] Δ3s=1.6518 m (n_ok=10/10)
  [layer 32 / expert_only] Δ3s=1.0530 m (n_ok=10/10)
  [layer 32 / both       ] Δ3s=1.4113 m (n_ok=10/10)
  [layer 33 / vlm_only   ] Δ3s=2.3995 m (n_ok=10/10)
  [layer 33 / expert_only] Δ3s=1.2780 m (n_ok=10/10)
  [layer 33 / both       ] Δ3s=1.5560 m (n_ok=10/10)
  [layer 34 / vlm_only   ] Δ3s=1.5035 m (n_ok=10/10)
  [layer 34 / expert_only] Δ3s=1.4164 m (n_ok=10/10)
  [layer 34 / both       ] Δ3s=1.3675 m (n_ok=10/10)
  [layer 35] skipped (critical)
Saved to /home/irteam/ws/alpamayo_pruning/scripts/coupling_probe_r1.json
/home/irteam/miniconda/envs/alpamayo_b2d/lib/python3.12/site-packages/torch/cuda/__init__.py:63: FutureWarning: The pynvml package is deprecated. Please install nvidia-ml-py instead. If you did not install pynvml directly, please report this to the maintainers of the package that installed pynvml for you.
  import pynvml  # type: ignore[import]
Skipping import of cpp extensions due to incompatible torch version. Please upgrade to torch >= 2.11.0 (found 2.8.0+cu128).

Loading checkpoint shards:   0%|          | 0/5 [00:00<?, ?it/s]
Loading checkpoint shards: 100%|██████████| 5/5 [00:00<00:00, 73.58it/s]
No <traj_future_start> token found in the generated sequences for sequence 0
No <traj_future_start> token found in the generated sequences for sequence 0
No <traj_future_start> token found in the generated sequences for sequence 0
No <traj_future_start> token found in the generated sequences for sequence 0
No <traj_future_start> token found in the generated sequences for sequence 0
No <traj_future_start> token found in the generated sequences for sequence 0
No <traj_future_start> token found in the generated sequences for sequence 0
No <traj_future_start> token found in the generated sequences for sequence 0
No <traj_future_start> token found in the generated sequences for sequence 0
No <traj_future_start> token found in the generated sequences for sequence 0
No <traj_future_start> token found in the generated sequences for sequence 0
No <traj_future_start> token found in the generated sequences for sequence 0
