[server] variant=1.5 loading /home/irteam/ws/alpamayo_pruning/weights/Alpamayo-1.5-10B on cuda:0 ...
Loading checkpoint shards:   0%|          | 0/5 [00:00<?, ?it/s]Loading checkpoint shards: 100%|██████████| 5/5 [00:00<00:00, 75.52it/s]
[server] loaded in 21.4s, VRAM=22.2 GB
[server] ready on tcp://127.0.0.1:5558
[server] inference ok 2.3s
[server] inference ok 1.6s
[server] inference ok 1.4s
[server] inference ok 1.7s
[server] inference ok 1.6s
[server] inference ok 1.1s
[server] inference ok 2.3s
[server] inference ok 1.3s
[server] inference ok 1.3s
[server] inference ok 1.5s
[server] inference ok 1.1s
[server] inference ok 1.4s
[server] inference ok 1.7s
[server] inference ok 1.3s
[server] inference ok 1.1s
[server] inference ok 1.3s
[server] inference ok 1.0s
[server] inference ok 1.5s
[server] inference ok 1.3s
[server] inference ok 1.4s
[server] inference ok 2.4s
[server] inference ok 1.3s
[server] inference ok 1.3s
[server] inference ok 1.1s
[server] inference ok 1.5s
[server] inference ok 1.1s
[server] inference ok 1.8s
[server] inference ok 1.5s
[server] inference ok 1.3s
[server] inference ok 1.3s
[server] inference ok 1.0s
[server] inference ok 1.2s
[server] inference ok 1.0s
[server] inference ok 0.8s
[server] inference ok 0.9s
[server] inference ok 0.8s
[server] inference ok 1.4s
[server] inference ok 1.0s
[server] inference ok 0.9s
[server] inference ok 0.9s
[server] inference ok 1.3s
[server] inference ok 1.3s
[server] inference ok 1.9s
[server] inference ok 1.2s
[server] inference ok 1.2s
[server] inference ok 1.3s
[server] inference ok 1.4s
[server] inference ok 1.3s
[server] inference ok 1.4s
[server] inference ok 1.5s
[server] inference ok 1.3s
[server] inference ok 1.4s
[server] inference ok 1.2s
[server] inference ok 1.4s
[server] inference ok 1.5s
[server] inference ok 1.4s
[server] inference ok 1.2s
[server] inference ok 1.1s
[server] inference ok 1.4s
[server] inference ok 1.4s
[server] inference ok 1.2s
[server] inference ok 1.3s
[server] inference ok 1.7s
[server] inference ok 1.1s
[server] inference ok 1.6s
[server] inference ok 1.5s
[server] inference ok 1.3s
[server] inference ok 1.6s
[server] inference ok 1.2s
[server] inference ok 1.3s
[server] inference ok 1.4s
[server] inference ok 1.2s
[server] inference ok 1.7s
[server] inference ok 1.3s
[server] inference ok 1.0s
[server] inference ok 1.4s
[server] inference ok 1.2s
[server] inference ok 1.1s
[server] inference ok 1.1s
[server] inference ok 1.5s
[server] inference ok 1.2s
[server] inference ok 1.6s
[server] inference ok 1.3s
[server] inference ok 1.2s
[server] inference ok 1.3s
[server] inference ok 1.1s
[server] inference ok 1.2s
[server] inference ok 1.3s
[server] inference ok 1.4s
[server] inference ok 1.2s
[server] inference ok 1.1s
[server] inference ok 1.4s
[server] inference ok 1.2s
[server] inference ok 1.3s
[server] inference ok 1.3s
[server] inference ok 1.4s
[server] inference ok 1.3s
[server] inference ok 1.3s
[server] inference ok 1.7s
[server] inference ok 1.2s
[server] inference ok 1.2s
[server] inference ok 2.2s
[server] inference ok 1.3s
[server] inference ok 1.3s
[server] inference ok 1.3s
[server] inference ok 1.5s
[server] inference ok 1.4s
[server] inference ok 1.2s
[server] inference ok 1.4s
[server] inference ok 1.3s
[server] inference ok 1.3s
[server] inference ok 1.3s
[server] inference ok 1.2s
[server] inference ok 1.3s
[server] inference ok 1.4s
[server] inference ok 1.3s
[server] inference ok 1.2s
[server] inference ok 1.2s
[server] inference ok 1.3s
[server] inference ok 1.2s
[server] inference ok 1.8s
[server] inference ok 1.5s
[server] inference ok 1.3s
[server] inference ok 1.4s
[server] inference ok 1.3s
[server] inference ok 1.4s
[server] inference ok 1.2s
[server] inference ok 1.5s
[server] inference ok 1.1s
[server] inference ok 1.2s
[server] inference ok 1.4s
[server] inference ok 1.3s
[server] inference ok 1.2s
[server] inference ok 1.2s
[server] inference ok 1.6s
[server] inference ok 1.2s
[server] inference ok 1.3s
[server] inference ok 1.3s
[server] inference ok 1.4s
[server] inference ok 1.7s
[server] inference ok 1.5s
[server] inference ok 1.1s
[server] inference ok 1.3s
[server] inference ok 1.2s
[server] inference ok 1.5s
[server] inference ok 1.3s
[server] inference ok 2.3s
[server] inference ok 1.5s
[server] inference ok 1.6s
[server] inference ok 1.3s
[server] inference ok 1.6s
[server] inference ok 1.8s
[server] inference ok 1.1s
[server] inference ok 1.5s
[server] inference ok 1.3s
[server] inference ok 1.2s
[server] inference ok 1.5s
[server] inference ok 1.4s
[server] inference ok 1.4s
[server] inference ok 1.3s
[server] inference ok 1.5s
[server] inference ok 1.3s
[server] inference ok 1.4s
[server] inference ok 1.2s
[server] inference ok 1.4s
[server] inference ok 1.2s
[server] inference ok 1.5s
[server] inference ok 1.2s
[server] inference ok 1.4s
[server] inference ok 1.1s
[server] inference ok 1.1s
[server] inference ok 1.4s
[server] inference ok 1.2s
[server] inference ok 1.2s
[server] inference ok 1.3s
[server] inference ok 1.6s
[server] inference ok 1.7s
[server] inference ok 2.0s
[server] inference ok 3.0s
[server] inference ok 2.0s
[server] inference ok 2.1s
[server] inference ok 1.9s
[server] inference ok 2.0s
[server] inference ok 2.0s
[server] inference ok 1.9s
[server] inference ok 1.7s
[server] inference ok 2.3s
[server] inference ok 1.6s
[server] inference ok 1.9s
[server] inference ok 1.8s
[server] inference ok 1.8s
[server] inference ok 2.0s
[server] inference ok 2.2s
[server] inference ok 1.9s
[server] inference ok 1.9s
[server] inference ok 2.1s
[server] inference ok 2.0s
[server] inference ok 2.5s
[server] inference ok 1.9s
[server] inference ok 4.0s
[server] inference ok 2.0s
[server] inference ok 2.3s
[server] inference ok 2.4s
[server] inference ok 3.0s
[server] inference ok 2.0s
[server] inference ok 2.1s
[server] inference ok 2.4s
[server] inference ok 2.2s
[server] inference ok 3.0s
[server] inference ok 2.6s
[server] inference ok 2.0s
[server] inference ok 2.1s
[server] inference ok 2.1s
[server] inference ok 2.3s
[server] inference ok 2.3s
[server] inference ok 2.0s
[server] inference ok 2.1s
[server] inference ok 1.7s
[server] inference ok 2.8s
[server] inference ok 1.9s
[server] inference ok 1.7s
[server] inference ok 2.4s
[server] inference ok 2.0s
[server] inference ok 2.0s
[server] inference ok 3.1s
[server] inference ok 1.7s
[server] inference ok 1.9s
[server] inference ok 2.6s
[server] inference ok 2.1s
[server] inference ok 2.2s
[server] inference ok 1.9s
[server] inference ok 1.9s
[server] inference ok 2.1s
[server] inference ok 1.8s
[server] inference ok 2.0s
[server] inference ok 2.1s
[server] inference ok 1.7s
[server] inference ok 2.0s
[server] inference ok 2.9s
[server] inference ok 2.0s
[server] inference ok 2.1s
[server] inference ok 2.1s
[server] inference ok 2.2s
[server] inference ok 2.0s
[server] inference ok 1.6s
[server] inference ok 1.8s
[server] inference ok 3.1s
[server] inference ok 2.3s
[server] inference ok 2.3s
[server] inference ok 2.2s
[server] inference ok 2.0s
[server] inference ok 2.2s
[server] inference ok 2.0s
[server] inference ok 1.8s
[server] inference ok 2.1s
[server] inference ok 2.4s
[server] inference ok 2.2s
[server] inference ok 1.8s
[server] inference ok 1.9s
[server] inference ok 2.4s
[server] inference ok 2.2s
[server] inference ok 2.6s
[server] inference ok 2.0s
[server] inference ok 2.4s
[server] inference ok 1.9s
[server] inference ok 2.1s
[server] inference ok 1.7s
[server] inference ok 2.1s
[server] inference ok 1.9s
[server] inference ok 1.8s
[server] inference ok 2.2s
[server] inference ok 1.9s
[server] inference ok 2.1s
[server] inference ok 2.6s
[server] inference ok 3.2s
[server] inference ok 2.0s
[server] inference ok 12.8s
[server] inference ok 13.8s
[server] inference ok 10.1s
[server] inference ok 11.1s
[server] inference ok 12.0s
[server] inference ok 10.4s
[server] inference ok 10.1s
[server] inference ok 12.1s
[server] inference ok 10.6s
[server] inference ok 11.6s
[server] inference ok 9.5s
[server] inference ok 9.4s
[server] inference ok 10.3s
[server] inference ok 11.6s
[server] inference ok 12.0s
[server] inference ok 9.2s
[server] inference ok 11.3s
[server] inference ok 11.3s
[server] inference ok 10.4s
[server] inference ok 10.3s
[server] inference ok 11.1s
[server] inference ok 8.6s
[server] inference ok 9.3s
[server] inference ok 12.0s
[server] inference ok 11.7s
[server] inference ok 10.7s
[server] inference ok 9.7s
[server] inference ok 10.9s
[server] inference ok 10.0s
[server] inference ok 13.5s
[server] inference ok 10.6s
[server] inference ok 11.8s
[server] inference ok 11.2s
[server] inference ok 11.1s
[server] inference ok 12.2s
[server] inference ok 12.2s
[server] inference ok 11.4s
[server] inference ok 10.6s
[server] inference ok 10.6s
[server] inference ok 6.8s
[server] inference ok 8.8s
[server] inference ok 10.2s
[server] inference ok 11.1s
[server] inference ok 10.0s
[server] inference ok 9.6s
[server] inference ok 11.6s
[server] inference ok 8.0s
[server] inference ok 10.6s
[server] inference ok 9.8s
[server] inference ok 11.2s
[server] inference ok 10.0s
[server] inference ok 10.0s
[server] inference ok 13.1s
[server] inference ok 9.5s
[server] inference ok 7.4s
[server] inference ok 6.1s
[server] inference ok 6.8s
[server] inference ok 6.6s
[server] inference ok 6.4s
[server] inference ok 6.1s
[server] inference ok 8.1s
[server] inference ok 5.8s
[server] inference ok 6.5s
[server] inference ok 6.6s
[server] inference ok 6.4s
[server] inference ok 7.0s
[server] inference ok 6.0s
[server] inference ok 5.7s
[server] inference ok 8.6s
[server] inference ok 6.5s
[server] inference ok 8.1s
[server] inference ok 11.4s
[server] inference ok 8.8s
[server] inference ok 9.7s
[server] inference ok 10.5s
[server] inference ok 7.9s
[server] inference ok 7.7s
[server] inference ok 8.8s
[server] inference ok 8.5s
[server] inference ok 9.5s
[server] inference ok 10.5s
[server] inference ok 9.3s
[server] inference ok 13.8s
[server] inference ok 8.9s
[server] inference ok 12.3s
[server] inference ok 10.1s
[server] inference ok 10.8s
[server] inference ok 10.8s
[server] inference ok 9.9s
[server] inference ok 9.7s
[server] inference ok 11.0s
[server] inference ok 11.6s
[server] inference ok 11.3s
[server] inference ok 10.4s
[server] inference ok 10.9s
[server] inference ok 8.8s
[server] inference ok 12.7s
[server] inference ok 9.5s
[server] inference ok 11.0s
[server] inference ok 10.5s
[server] inference ok 13.1s
[server] inference ok 9.9s
[server] inference ok 14.4s
[server] inference ok 10.9s
[server] inference ok 10.4s
[server] inference ok 9.5s
[server] inference ok 13.0s
[server] inference ok 11.4s
[server] inference ok 10.1s
[server] inference ok 10.6s
[server] inference ok 11.6s
[server] inference ok 11.2s
[server] inference ok 11.4s
[server] inference ok 10.2s
[server] inference ok 9.5s
[server] inference ok 10.2s
[server] inference ok 11.1s
[server] inference ok 9.3s
[server] inference ok 10.9s
[server] inference ok 10.6s
[server] inference ok 10.5s
[server] inference ok 8.8s
[server] inference ok 10.5s
[server] inference ok 10.9s
[server] inference ok 9.7s
[server] inference ok 10.6s
[server] inference ok 10.1s
[server] inference ok 13.0s
[server] inference ok 11.6s
[server] inference ok 8.8s
[server] inference ok 7.2s
[server] inference ok 9.8s
[server] inference ok 10.7s
[server] inference ok 11.7s
[server] inference ok 12.8s
[server] inference ok 9.6s
[server] inference ok 10.9s
[server] inference ok 10.8s
[server] inference ok 10.6s
[server] inference ok 10.7s
[server] inference ok 10.9s
[server] inference ok 9.3s
[server] inference ok 13.6s
[server] inference ok 9.2s
[server] inference ok 10.3s
[server] inference ok 9.6s
[server] inference ok 11.4s
[server] inference ok 9.7s
[server] inference ok 12.2s
[server] inference ok 9.8s
[server] inference ok 8.8s
[server] inference ok 8.2s
[server] inference ok 9.3s
[server] inference ok 8.9s
[server] inference ok 9.9s
[server] inference ok 13.0s
[server] inference ok 13.3s
[server] inference ok 10.6s
[server] inference ok 11.5s
[server] inference ok 10.9s
[server] inference ok 9.4s
[server] inference ok 10.7s
[server] inference ok 10.0s
[server] inference ok 9.5s
[server] inference ok 9.6s
[server] inference ok 11.1s
[server] inference ok 10.4s
[server] inference ok 16.5s
[server] inference ok 9.1s
[server] inference ok 10.5s
[server] inference ok 10.6s
[server] inference ok 12.3s
[server] inference ok 9.7s
[server] inference ok 11.1s
[server] inference ok 9.9s
[server] inference ok 10.4s
[server] inference ok 9.4s
[server] inference ok 9.9s
[server] inference ok 11.8s
[server] inference ok 9.7s
[server] inference ok 11.3s
[server] inference ok 10.8s
[server] inference ok 9.7s
[server] inference ok 10.2s
[server] inference ok 10.1s
[server] inference ok 10.4s
[server] inference ok 12.6s
[server] inference ok 10.1s
[server] inference ok 11.4s
[server] inference ok 10.7s
[server] inference ok 10.6s
[server] inference ok 8.7s
[server] inference ok 9.0s
[server] inference ok 9.3s
[server] inference ok 10.4s
[server] inference ok 7.5s
[server] inference ok 6.3s
[server] inference ok 6.8s
[server] inference ok 6.0s
[server] inference ok 6.8s
[server] inference ok 6.2s
[server] inference ok 8.7s
[server] inference ok 6.2s
[server] inference ok 6.5s
[server] inference ok 6.2s
[server] inference ok 7.1s
[server] inference ok 6.3s
[server] inference ok 6.5s
[server] inference ok 6.8s
[server] inference ok 6.2s
[server] inference ok 6.3s
[server] inference ok 6.9s
[server] inference ok 11.9s
[server] inference ok 14.6s
[server] inference ok 8.0s
[server] inference ok 9.1s
[server] inference ok 6.4s
[server] inference ok 6.9s
[server] inference ok 5.6s
[server] inference ok 5.6s
[server] inference ok 6.4s
[server] inference ok 6.6s
[server] inference ok 7.3s
[server] inference ok 7.0s
[server] inference ok 8.0s
[server] inference ok 5.5s
[server] inference ok 6.1s
[server] inference ok 6.4s
[server] inference ok 6.1s
[server] inference ok 6.0s
[server] inference ok 6.9s
[server] inference ok 5.9s
[server] inference ok 7.0s
[server] inference ok 6.7s
[server] inference ok 6.9s
[server] inference ok 6.3s
[server] inference ok 6.2s
[server] inference ok 6.4s
[server] inference ok 6.8s
[server] inference ok 6.3s
[server] inference ok 6.2s
[server] inference ok 6.3s
[server] inference ok 7.4s
[server] inference ok 6.2s
[server] inference ok 6.3s
[server] inference ok 5.7s
[server] inference ok 6.0s
[server] inference ok 7.1s
[server] inference ok 8.1s
[server] inference ok 5.6s
[server] inference ok 6.9s
[server] inference ok 5.9s
[server] inference ok 6.2s
[server] inference ok 6.2s
[server] inference ok 5.7s
[server] inference ok 5.5s
[server] inference ok 5.6s
[server] inference ok 8.0s
[server] inference ok 6.4s
[server] inference ok 7.0s
[server] inference ok 6.2s
[server] inference ok 6.4s
[server] inference ok 6.3s
[server] inference ok 6.9s
[server] inference ok 6.3s
[server] inference ok 6.3s
[server] inference ok 6.0s
[server] inference ok 7.1s
[server] inference ok 7.4s
[server] inference ok 5.8s
[server] inference ok 6.0s
[server] inference ok 7.1s
[server] inference ok 6.4s
[server] inference ok 6.4s
[server] inference ok 6.6s
[server] inference ok 6.3s
[server] inference ok 5.8s
[server] inference ok 6.1s
[server] inference ok 6.9s
[server] inference ok 5.4s
[server] inference ok 6.5s
[server] inference ok 6.0s
[server] inference ok 6.0s
[server] inference ok 7.5s
[server] inference ok 7.1s
[server] inference ok 6.0s
[server] inference ok 6.4s
[server] inference ok 6.3s
[server] inference ok 5.9s
[server] inference ok 5.8s
[server] inference ok 6.4s
[server] inference ok 6.4s
[server] inference ok 7.4s
[server] inference ok 7.2s
[server] inference ok 9.4s
[server] inference ok 6.6s
[server] inference ok 6.5s
[server] inference ok 7.2s
[server] inference ok 6.5s
[server] inference ok 6.0s
[server] inference ok 6.9s
[server] inference ok 8.4s
[server] inference ok 7.3s
[server] inference ok 7.1s
[server] inference ok 6.3s
[server] inference ok 7.2s
[server] inference ok 6.8s
[server] inference ok 6.9s
[server] inference ok 7.8s
[server] inference ok 6.4s
[server] inference ok 5.4s
[server] inference ok 6.3s
[server] inference ok 6.3s
[server] inference ok 7.2s
[server] inference ok 7.8s
[server] inference ok 6.1s
[server] inference ok 5.9s
[server] inference ok 5.7s
[server] inference ok 6.2s
[server] inference ok 7.5s
[server] inference ok 6.1s
[server] inference ok 6.6s
No <traj_future_start> token found in generated sequences for sequence 5
[server] inference ok 13.6s
[server] inference ok 6.0s
[server] inference ok 6.2s
[server] inference ok 6.8s
[server] inference ok 6.7s
[server] inference ok 7.6s
[server] inference ok 6.7s
[server] inference ok 6.0s
[server] inference ok 6.1s
[server] inference ok 6.6s
No <traj_future_start> token found in generated sequences for sequence 7
[server] inference ok 8.8s
[server] inference ok 4.4s
[server] inference ok 4.1s
[server] inference ok 4.4s
[server] inference ok 7.3s
[server] inference ok 4.3s
[server] inference ok 4.3s
[server] inference ok 4.4s
[server] inference ok 5.5s
[server] inference ok 3.8s
[server] inference ok 3.6s
[server] inference ok 4.1s
[server] inference ok 4.3s
[server] inference ok 4.1s
[server] inference ok 5.4s
[server] inference ok 4.3s
[server] inference ok 4.2s
[server] inference ok 3.9s
[server] inference ok 3.7s
[server] inference ok 4.6s
[server] inference ok 3.8s
[server] inference ok 4.9s
[server] inference ok 6.7s
[server] inference ok 6.1s
[server] inference ok 8.5s
[server] inference ok 5.7s
[server] inference ok 5.9s
[server] inference ok 7.1s
[server] inference ok 6.9s
[server] inference ok 6.0s
[server] inference ok 8.3s
[server] inference ok 6.2s
[server] inference ok 6.7s
[server] inference ok 7.0s
No <traj_future_start> token found in generated sequences for sequence 4
[server] inference ok 13.3s
[server] inference ok 7.6s
[server] inference ok 6.6s
[server] inference ok 6.6s
[server] inference ok 7.2s
[server] inference ok 8.0s
[server] inference ok 6.8s
[server] inference ok 6.0s
[server] inference ok 9.1s
[server] inference ok 7.3s
[server] inference ok 6.9s
[server] inference ok 7.5s
[server] inference ok 6.4s
[server] inference ok 6.9s
[server] inference ok 6.9s
[server] inference ok 6.9s
[server] inference ok 6.0s
[server] inference ok 6.5s
[server] inference ok 7.0s
[server] inference ok 6.7s
[server] inference ok 6.0s
[server] inference ok 6.1s
[server] inference ok 6.4s
[server] inference ok 6.3s
[server] inference ok 6.6s
[server] inference ok 7.7s
[server] inference ok 6.7s
[server] inference ok 8.6s
[server] inference ok 10.2s
[server] inference ok 7.4s
[server] inference ok 6.0s
[server] inference ok 6.9s
[server] inference ok 6.6s
[server] inference ok 5.9s
[server] inference ok 6.2s
[server] inference ok 6.7s
[server] inference ok 6.3s
[server] inference ok 5.5s
[server] inference ok 8.4s
[server] inference ok 6.9s
[server] inference ok 6.4s
[server] inference ok 5.9s
[server] inference ok 6.9s
[server] inference ok 6.6s
[server] inference ok 7.0s
[server] inference ok 9.3s
[server] inference ok 8.8s
[server] inference ok 6.5s
[server] inference ok 7.1s
[server] inference ok 6.5s
[server] inference ok 6.5s
[server] inference ok 6.7s
[server] inference ok 6.9s
[server] inference ok 6.5s
[server] inference ok 5.8s
[server] inference ok 5.8s
[server] inference ok 7.1s
[server] inference ok 6.7s
[server] inference ok 6.4s
[server] inference ok 5.6s
[server] inference ok 6.5s
[server] inference ok 6.5s
[server] inference ok 6.8s
[server] inference ok 6.5s
[server] inference ok 6.9s
[server] inference ok 7.1s
[server] inference ok 6.1s
[server] inference ok 7.1s
[server] inference ok 8.4s
[server] inference ok 6.1s
[server] inference ok 6.3s
[server] inference ok 6.6s
[server] inference ok 6.5s
[server] inference ok 7.2s
[server] inference ok 6.1s
[server] inference ok 6.5s
[server] inference ok 7.1s
[server] inference ok 5.9s
[server] inference ok 6.3s
[server] inference ok 7.4s
[server] inference ok 7.5s
[server] inference ok 6.9s
[server] inference ok 6.0s
[server] inference ok 7.5s
[server] inference ok 6.2s
[server] inference ok 6.4s
[server] inference ok 7.2s
[server] inference ok 7.8s
[server] inference ok 6.4s
[server] inference ok 6.0s
[server] inference ok 7.2s
[server] inference ok 7.4s
[server] inference ok 6.1s
[server] inference ok 7.1s
[server] inference ok 8.9s
[server] inference ok 9.3s
[server] inference ok 6.0s
[server] inference ok 6.1s
[server] inference ok 8.3s
[server] inference ok 8.2s
[server] inference ok 5.5s
[server] inference ok 5.6s
[server] inference ok 6.3s
[server] inference ok 6.8s
[server] inference ok 9.0s
[server] inference ok 6.3s
[server] inference ok 7.1s
[server] inference ok 7.3s
[server] inference ok 6.5s
[server] inference ok 6.2s
[server] inference ok 7.1s
[server] inference ok 7.3s
[server] inference ok 6.3s
[server] inference ok 6.2s
[server] inference ok 8.1s
[server] inference ok 7.0s
[server] inference ok 9.4s
[server] inference ok 10.0s
[server] inference ok 6.4s
[server] inference ok 6.0s
[server] inference ok 6.3s
[server] inference ok 6.2s
[server] inference ok 6.5s
[server] inference ok 6.6s
[server] inference ok 5.7s
[server] inference ok 5.8s
[server] inference ok 9.2s
[server] inference ok 6.8s
[server] inference ok 10.5s
[server] inference ok 6.0s
[server] inference ok 5.9s
[server] inference ok 6.7s
[server] inference ok 8.6s
[server] inference ok 6.4s
[server] inference ok 6.8s
[server] inference ok 7.9s
[server] inference ok 6.5s
[server] inference ok 9.3s
[server] inference ok 6.0s
[server] inference ok 6.5s
[server] inference ok 7.2s
[server] inference ok 6.9s
[server] inference ok 7.1s
[server] inference ok 6.5s
[server] inference ok 6.5s
[server] inference ok 6.9s
[server] inference ok 6.5s
[server] inference ok 5.8s
[server] inference ok 6.7s
[server] inference ok 6.0s
[server] inference ok 6.7s
[server] inference ok 6.4s
[server] inference ok 7.3s
[server] inference ok 6.2s
[server] inference ok 6.7s
[server] inference ok 5.5s
[server] inference ok 7.3s
[server] inference ok 6.5s
[server] inference ok 6.1s
[server] inference ok 6.5s
[server] inference ok 7.4s
[server] inference ok 6.2s
[server] inference ok 6.3s
[server] inference ok 7.0s
[server] inference ok 10.1s
[server] inference ok 6.6s
[server] inference ok 8.5s
[server] inference ok 6.9s
[server] inference ok 8.2s
[server] inference ok 6.8s
[server] inference ok 6.5s
[server] inference ok 6.9s
[server] inference ok 5.7s
[server] inference ok 7.3s
[server] inference ok 6.6s
[server] inference ok 5.7s
[server] inference ok 7.1s
[server] inference ok 6.6s
[server] inference ok 6.1s
[server] inference ok 7.7s
[server] inference ok 6.7s
[server] inference ok 6.8s
[server] inference ok 9.6s
[server] inference ok 6.4s
[server] inference ok 6.2s
[server] inference ok 6.3s
[server] inference ok 6.3s
[server] inference ok 7.6s
[server] inference ok 8.6s
[server] inference ok 6.5s
[server] inference ok 6.5s
[server] inference ok 6.2s
[server] inference ok 5.9s
[server] inference ok 7.0s
[server] inference ok 5.8s
[server] inference ok 5.7s
[server] inference ok 5.6s
[server] inference ok 6.4s
[server] inference ok 6.8s
[server] inference ok 5.9s
[server] inference ok 5.5s
[server] inference ok 6.2s
[server] inference ok 7.3s
[server] inference ok 6.2s
[server] inference ok 6.4s
[server] inference ok 5.9s
[server] inference ok 6.2s
[server] inference ok 7.0s
[server] inference ok 6.4s
[server] inference ok 6.7s
[server] inference ok 7.0s
[server] inference ok 6.3s
[server] inference ok 6.4s
[server] inference ok 6.6s
[server] inference ok 8.0s
[server] inference ok 6.9s
[server] inference ok 6.1s
[server] inference ok 6.2s
[server] inference ok 6.3s
[server] inference ok 7.3s
[server] inference ok 6.3s
[server] inference ok 6.4s
[server] inference ok 5.5s
[server] inference ok 6.2s
[server] inference ok 6.7s
[server] inference ok 5.8s
[server] inference ok 6.7s
[server] inference ok 6.2s
[server] inference ok 8.0s
[server] inference ok 11.1s
[server] inference ok 7.0s
[server] inference ok 5.4s
[server] inference ok 7.2s
[server] inference ok 6.4s
[server] inference ok 9.9s
[server] inference ok 10.0s
[server] inference ok 6.7s
[server] inference ok 6.3s
[server] inference ok 11.0s
[server] inference ok 6.8s
[server] inference ok 7.4s
[server] inference ok 5.9s
[server] inference ok 7.5s
[server] inference ok 6.4s
[server] inference ok 6.3s
[server] inference ok 7.2s
[server] inference ok 8.4s
[server] inference ok 6.3s
[server] inference ok 7.1s
[server] inference ok 7.4s
[server] inference ok 5.8s
[server] inference ok 6.9s
[server] inference ok 6.3s
[server] inference ok 9.0s
[server] inference ok 6.0s
[server] inference ok 6.2s
[server] inference ok 7.9s
[server] inference ok 5.9s
[server] inference ok 6.0s
[server] inference ok 6.3s
[server] inference ok 7.1s
[server] inference ok 6.6s
[server] inference ok 6.2s
[server] inference ok 6.4s
[server] inference ok 5.4s
[server] inference ok 6.4s
[server] inference ok 6.6s
[server] inference ok 6.2s
[server] inference ok 6.0s
[server] inference ok 7.2s
[server] inference ok 6.1s
[server] inference ok 6.8s
[server] inference ok 6.4s
[server] inference ok 7.7s
[server] inference ok 6.1s
[server] inference ok 7.2s
[server] inference ok 10.0s
[server] inference ok 5.7s
[server] inference ok 6.2s
[server] inference ok 6.0s
[server] inference ok 5.5s
[server] inference ok 5.5s
[server] inference ok 6.6s
[server] inference ok 7.7s
[server] inference ok 6.7s
[server] inference ok 5.4s
[server] inference ok 7.5s
[server] inference ok 9.2s
[server] inference ok 6.4s
[server] inference ok 7.1s
[server] inference ok 10.9s
[server] inference ok 6.7s
[server] inference ok 7.0s
[server] inference ok 6.1s
[server] inference ok 6.1s
[server] inference ok 6.5s
[server] inference ok 7.1s
[server] inference ok 6.5s
[server] inference ok 6.4s
[server] inference ok 6.2s
[server] inference ok 6.3s
[server] inference ok 6.5s
[server] inference ok 6.8s
[server] inference ok 6.4s
[server] inference ok 5.5s
[server] inference ok 6.2s
[server] inference ok 8.1s
[server] inference ok 6.2s
[server] inference ok 6.4s
[server] inference ok 6.6s
No <traj_future_start> token found in generated sequences for sequence 1
[server] inference ok 12.7s
[server] inference ok 6.4s
[server] inference ok 6.1s
[server] inference ok 6.4s
[server] inference ok 6.4s
[server] inference ok 10.1s
[server] inference ok 6.2s
[server] inference ok 6.3s
[server] inference ok 7.1s
[server] inference ok 8.5s
[server] inference ok 8.8s
[server] inference ok 5.6s
[server] inference ok 6.3s
[server] inference ok 6.5s
[server] inference ok 6.4s
[server] inference ok 6.7s
[server] inference ok 6.2s
[server] inference ok 7.0s
[server] inference ok 5.9s
[server] inference ok 6.2s
[server] inference ok 7.3s
[server] inference ok 6.7s
[server] inference ok 5.3s
[server] inference ok 6.3s
[server] inference ok 6.9s
[server] inference ok 6.6s
[server] inference ok 6.3s
[server] inference ok 5.3s
[server] inference ok 6.6s
[server] inference ok 6.2s
[server] inference ok 6.4s
[server] inference ok 6.9s
[server] inference ok 5.8s
[server] inference ok 6.3s
[server] inference ok 6.3s
[server] inference ok 6.1s
[server] inference ok 7.0s
[server] inference ok 6.5s
[server] inference ok 7.3s
[server] inference ok 6.2s
[server] inference ok 8.9s
[server] inference ok 6.4s
[server] inference ok 5.5s
[server] inference ok 7.4s
[server] inference ok 6.8s
[server] inference ok 6.4s
[server] inference ok 7.3s
[server] inference ok 6.8s
[server] inference ok 7.1s
[server] inference ok 6.6s
[server] inference ok 7.2s
[server] inference ok 7.4s
[server] inference ok 9.4s
[server] inference ok 6.2s
[server] inference ok 6.8s
[server] inference ok 7.8s
[server] inference ok 6.5s
[server] inference ok 7.4s
[server] inference ok 5.4s
[server] inference ok 9.1s
[server] inference ok 6.3s
[server] inference ok 7.2s
[server] inference ok 6.6s
[server] inference ok 7.6s
[server] inference ok 9.3s
[server] inference ok 6.9s
[server] inference ok 5.9s
[server] inference ok 6.6s
[server] inference ok 7.1s
[server] inference ok 6.9s
[server] inference ok 5.8s
[server] inference ok 7.8s
[server] inference ok 6.8s
[server] inference ok 7.9s
[server] inference ok 5.6s
[server] inference ok 6.4s
[server] inference ok 6.0s
[server] inference ok 6.6s
[server] inference ok 6.9s
[server] inference ok 6.2s
[server] inference ok 6.7s
[server] inference ok 6.2s
[server] inference ok 7.5s
[server] inference ok 7.2s
[server] inference ok 6.3s
[server] inference ok 5.9s
[server] inference ok 6.5s
[server] inference ok 6.7s
[server] inference ok 8.3s
[server] inference ok 6.5s
[server] inference ok 5.6s
[server] inference ok 6.4s
[server] inference ok 7.6s
[server] inference ok 6.2s
[server] inference ok 6.4s
[server] inference ok 6.5s
[server] inference ok 5.5s
[server] inference ok 6.8s
[server] inference ok 5.7s
[server] inference ok 6.5s
[server] inference ok 6.5s
[server] inference ok 6.4s
[server] inference ok 6.6s
[server] inference ok 7.6s
[server] inference ok 6.1s
[server] inference ok 7.0s
[server] inference ok 5.8s
[server] inference ok 7.1s
[server] inference ok 7.3s
[server] inference ok 6.1s
[server] inference ok 7.1s
[server] inference ok 7.5s
[server] inference ok 6.3s
[server] inference ok 6.1s
[server] inference ok 8.4s
[server] inference ok 8.1s
[server] inference ok 6.2s
[server] inference ok 8.5s
[server] inference ok 10.5s
[server] inference ok 6.4s
[server] inference ok 8.3s
[server] inference ok 6.5s
[server] inference ok 7.0s
[server] inference ok 5.9s
[server] inference ok 6.0s
[server] inference ok 6.2s
[server] inference ok 7.3s
[server] inference ok 6.4s
[server] inference ok 6.8s
[server] inference ok 6.9s
[server] inference ok 6.3s
[server] inference ok 5.6s
[server] inference ok 7.8s
[server] inference ok 6.1s
[server] inference ok 6.6s
[server] inference ok 7.4s
[server] inference ok 6.3s
[server] inference ok 6.2s
[server] inference ok 7.0s
[server] inference ok 7.1s
[server] inference ok 7.2s
[server] inference ok 7.3s
[server] inference ok 6.9s
[server] inference ok 6.2s
[server] inference ok 6.6s
[server] inference ok 6.1s
[server] inference ok 6.9s
[server] inference ok 6.7s
[server] inference ok 6.1s
[server] inference ok 6.1s
[server] inference ok 5.9s
[server] inference ok 7.0s
[server] inference ok 5.9s
[server] inference ok 6.2s
[server] inference ok 6.6s
[server] inference ok 7.8s
[server] inference ok 6.5s
[server] inference ok 6.7s
[server] inference ok 5.9s
[server] inference ok 6.2s
[server] inference ok 6.6s
[server] inference ok 6.7s
[server] inference ok 8.7s
[server] inference ok 6.7s
[server] inference ok 6.4s
[server] inference ok 6.5s
[server] inference ok 6.2s
[server] inference ok 7.1s
[server] inference ok 7.1s
[server] inference ok 7.0s
[server] inference ok 5.8s
[server] inference ok 6.1s
[server] inference ok 6.5s
[server] inference ok 7.0s
[server] inference ok 8.1s
[server] inference ok 5.8s
[server] inference ok 6.0s
[server] inference ok 5.9s
[server] inference ok 6.8s
[server] inference ok 6.5s
[server] inference ok 7.4s
[server] inference ok 6.8s
[server] inference ok 6.4s
[server] inference ok 6.4s
[server] inference ok 6.2s
[server] inference ok 6.8s
[server] inference ok 7.4s
[server] inference ok 6.7s
[server] inference ok 9.6s
[server] inference ok 5.8s
[server] inference ok 9.8s
[server] inference ok 6.5s
[server] inference ok 6.6s
[server] inference ok 6.4s
[server] inference ok 6.4s
[server] inference ok 6.1s
[server] inference ok 6.0s
[server] inference ok 6.3s
[server] inference ok 9.5s
[server] inference ok 6.4s
No <traj_future_start> token found in generated sequences for sequence 1
No <traj_future_start> token found in generated sequences for sequence 2
[server] inference ok 13.4s
[server] inference ok 6.2s
[server] inference ok 6.3s
[server] inference ok 6.1s
[server] inference ok 7.7s
[server] inference ok 7.3s
[server] inference ok 6.7s
[server] inference ok 7.5s
[server] inference ok 7.5s
[server] inference ok 6.1s
[server] inference ok 6.6s
No <traj_future_start> token found in generated sequences for sequence 6
[server] inference ok 12.6s
[server] inference ok 6.4s
[server] inference ok 6.6s
[server] inference ok 8.8s
[server] inference ok 5.6s
[server] inference ok 6.5s
[server] inference ok 6.8s
[server] inference ok 6.3s
[server] inference ok 5.9s
[server] inference ok 6.6s
[server] inference ok 5.7s
[server] inference ok 6.6s
[server] inference ok 9.6s
[server] inference ok 6.6s
[server] inference ok 5.9s
[server] inference ok 6.9s
[server] inference ok 6.7s
[server] inference ok 9.7s
[server] inference ok 6.0s
[server] inference ok 7.7s
[server] inference ok 6.2s
[server] inference ok 6.3s
[server] inference ok 6.1s
[server] inference ok 6.1s
[server] inference ok 6.0s
[server] inference ok 6.4s
[server] inference ok 5.8s
[server] inference ok 7.4s
[server] inference ok 7.7s
[server] inference ok 6.0s
[server] inference ok 5.8s
[server] inference ok 6.3s
[server] inference ok 6.0s
[server] inference ok 9.4s
[server] inference ok 6.8s
[server] inference ok 7.0s
[server] inference ok 6.5s
[server] inference ok 7.4s
[server] inference ok 6.7s
[server] inference ok 6.1s
[server] inference ok 6.0s
[server] inference ok 6.1s
[server] inference ok 5.3s
[server] inference ok 6.7s
[server] inference ok 6.2s
[server] inference ok 6.2s
[server] inference ok 6.0s
[server] inference ok 6.6s
[server] inference ok 6.3s
[server] inference ok 6.8s
[server] inference ok 6.9s
[server] inference ok 7.0s
[server] inference ok 6.7s
[server] inference ok 6.7s
[server] inference ok 6.8s
[server] inference ok 5.4s
[server] inference ok 7.1s
[server] inference ok 7.4s
[server] inference ok 6.4s
[server] inference ok 7.0s
[server] inference ok 7.2s
[server] inference ok 7.3s
[server] inference ok 7.2s
[server] inference ok 5.6s
[server] inference ok 6.6s
[server] inference ok 6.3s
[server] inference ok 3.8s
[server] inference ok 3.8s
[server] inference ok 3.9s
[server] inference ok 3.9s
[server] inference ok 4.0s
[server] inference ok 4.0s
[server] inference ok 5.4s
[server] inference ok 4.0s
[server] inference ok 5.2s
[server] inference ok 6.5s
[server] inference ok 3.9s
[server] inference ok 5.2s
[server] inference ok 4.0s
[server] inference ok 3.8s
[server] inference ok 4.2s
[server] inference ok 4.0s
[server] inference ok 3.9s
[server] inference ok 4.0s
[server] inference ok 3.8s
[server] inference ok 3.8s
[server] inference ok 3.9s
No <traj_future_start> token found in generated sequences for sequence 0
No <traj_future_start> token found in generated sequences for sequence 6
[server] inference ok 11.1s
[server] inference ok 7.1s
[server] inference ok 7.3s
[server] inference ok 7.0s
[server] inference ok 5.7s
[server] inference ok 7.0s
[server] inference ok 6.5s
[server] inference ok 7.1s
[server] inference ok 6.7s
[server] inference ok 6.4s
[server] inference ok 6.8s
[server] inference ok 8.7s
[server] inference ok 6.5s
[server] inference ok 6.6s
[server] inference ok 6.1s
[server] inference ok 6.2s
[server] inference ok 9.7s
[server] inference ok 6.1s
[server] inference ok 6.5s
[server] inference ok 6.0s
[server] inference ok 7.2s
[server] inference ok 7.2s
[server] inference ok 7.8s
[server] inference ok 6.0s
[server] inference ok 6.9s
[server] inference ok 6.2s
[server] inference ok 8.7s
[server] inference ok 5.6s
[server] inference ok 6.2s
[server] inference ok 7.5s
[server] inference ok 6.6s
[server] inference ok 6.5s
[server] inference ok 6.7s
[server] inference ok 6.8s
[server] inference ok 6.4s
[server] inference ok 7.6s
[server] inference ok 6.6s
[server] inference ok 5.8s
[server] inference ok 7.1s
[server] inference ok 7.2s
[server] inference ok 7.4s
[server] inference ok 7.5s
[server] inference ok 5.9s
[server] inference ok 7.0s
[server] inference ok 6.1s
[server] inference ok 7.5s
[server] inference ok 6.8s
[server] inference ok 7.6s
[server] inference ok 6.9s
[server] inference ok 6.6s
[server] inference ok 7.1s
[server] inference ok 7.2s
[server] inference ok 7.3s
[server] inference ok 6.6s
[server] inference ok 5.8s
[server] inference ok 6.8s
[server] inference ok 7.3s
[server] inference ok 8.3s
[server] inference ok 6.7s
[server] inference ok 6.0s
[server] inference ok 8.0s
[server] inference ok 6.6s
[server] inference ok 6.3s
[server] inference ok 7.0s
[server] inference ok 6.4s
[server] inference ok 6.6s
[server] inference ok 7.4s
[server] inference ok 6.1s
[server] inference ok 6.0s
[server] inference ok 6.6s
[server] inference ok 6.1s
[server] inference ok 6.6s
[server] inference ok 6.7s
[server] inference ok 5.9s
[server] inference ok 9.0s
[server] inference ok 6.2s
[server] inference ok 7.6s
[server] inference ok 7.0s
[server] inference ok 7.1s
[server] inference ok 7.1s
[server] inference ok 6.4s
[server] inference ok 6.3s
[server] inference ok 10.1s
[server] inference ok 6.0s
[server] inference ok 6.9s
[server] inference ok 7.3s
[server] inference ok 6.5s
[server] inference ok 7.1s
[server] inference ok 6.3s
[server] inference ok 6.4s
[server] inference ok 6.0s
[server] inference ok 6.8s
[server] inference ok 6.7s
[server] inference ok 6.5s
[server] inference ok 6.9s
[server] inference ok 7.0s
[server] inference ok 8.3s
[server] inference ok 6.8s
[server] inference ok 7.1s
[server] inference ok 7.0s
[server] inference ok 7.8s
[server] inference ok 6.1s
[server] inference ok 6.1s
[server] inference ok 7.6s
[server] inference ok 6.2s
[server] inference ok 6.2s
[server] inference ok 8.8s
[server] inference ok 7.1s
[server] inference ok 6.5s
[server] inference ok 6.6s
[server] inference ok 5.8s
[server] inference ok 6.4s
[server] inference ok 8.5s
[server] inference ok 6.9s
[server] inference ok 7.3s
[server] inference ok 6.4s
[server] inference ok 5.5s
[server] inference ok 7.9s
[server] inference ok 6.2s
[server] inference ok 8.5s
[server] inference ok 6.5s
[server] inference ok 6.5s
[server] inference ok 8.9s
[server] inference ok 7.1s
[server] inference ok 7.2s
[server] inference ok 7.0s
[server] inference ok 8.4s
[server] inference ok 7.2s
[server] inference ok 6.2s
[server] inference ok 7.0s
[server] inference ok 6.7s
[server] inference ok 6.9s
[server] inference ok 8.6s
[server] inference ok 6.9s
[server] inference ok 7.3s
[server] inference ok 6.7s
[server] inference ok 3.6s
[server] inference ok 3.8s
[server] inference ok 3.6s
[server] inference ok 3.8s
[server] inference ok 3.8s
[server] inference ok 3.6s
[server] inference ok 3.9s
[server] inference ok 4.0s
[server] inference ok 4.3s
[server] inference ok 4.3s
[server] inference ok 3.7s
[server] inference ok 4.1s
[server] inference ok 4.4s
[server] inference ok 3.7s
[server] inference ok 3.7s
[server] inference ok 3.8s
[server] inference ok 3.8s
[server] inference ok 3.9s
[server] inference ok 3.7s
[server] inference ok 5.0s
[server] inference ok 3.7s
[server] inference ok 3.8s
[server] inference ok 4.1s
[server] inference ok 4.2s
[server] inference ok 6.5s
[server] inference ok 7.1s
[server] inference ok 9.7s
[server] inference ok 5.9s
[server] inference ok 6.5s
[server] inference ok 8.3s
[server] inference ok 6.4s
[server] inference ok 6.1s
[server] inference ok 6.0s
[server] inference ok 6.5s
[server] inference ok 7.4s
[server] inference ok 7.1s
[server] inference ok 6.6s
[server] inference ok 6.8s
[server] inference ok 7.4s
[server] inference ok 6.3s
[server] inference ok 6.8s
[server] inference ok 6.4s
[server] inference ok 7.5s
[server] inference ok 6.5s
[server] inference ok 5.6s
[server] inference ok 6.2s
[server] inference ok 6.7s
[server] inference ok 7.3s
[server] inference ok 6.6s
[server] inference ok 7.6s
[server] inference ok 8.9s
[server] inference ok 6.6s
[server] inference ok 6.8s
[server] inference ok 6.2s
[server] inference ok 6.5s
[server] inference ok 5.9s
[server] inference ok 6.6s
[server] inference ok 6.4s
[server] inference ok 8.8s
[server] inference ok 6.3s
[server] inference ok 8.0s
[server] inference ok 7.2s
[server] inference ok 6.1s
[server] inference ok 6.7s
[server] inference ok 6.1s
[server] inference ok 6.1s
[server] inference ok 6.8s
[server] inference ok 7.0s
[server] inference ok 6.7s
[server] inference ok 6.6s
[server] inference ok 5.8s
[server] inference ok 6.1s
[server] inference ok 6.4s
[server] inference ok 8.4s
[server] inference ok 6.2s
[server] inference ok 6.0s
[server] inference ok 5.5s
[server] inference ok 7.0s
[server] inference ok 6.6s
[server] inference ok 6.1s
[server] inference ok 6.4s
[server] inference ok 5.9s
[server] inference ok 6.0s
[server] inference ok 6.6s
[server] inference ok 7.3s
[server] inference ok 6.5s
[server] inference ok 6.0s
[server] inference ok 7.8s
[server] inference ok 6.1s
[server] inference ok 6.3s
[server] inference ok 6.7s
[server] inference ok 6.6s
[server] inference ok 6.9s
[server] inference ok 5.8s
[server] inference ok 6.7s
[server] inference ok 5.6s
[server] inference ok 6.2s
[server] inference ok 6.8s
[server] inference ok 5.8s
[server] inference ok 6.6s
[server] inference ok 6.8s
[server] inference ok 7.6s
[server] inference ok 5.8s
[server] inference ok 6.8s
[server] inference ok 7.0s
[server] inference ok 6.5s
[server] inference ok 6.3s
[server] inference ok 5.9s
[server] inference ok 6.2s
[server] inference ok 6.7s
[server] inference ok 7.0s
[server] inference ok 6.7s
[server] inference ok 7.3s
[server] inference ok 6.1s
[server] inference ok 6.2s
[server] inference ok 7.6s
[server] inference ok 7.3s
[server] inference ok 6.2s
[server] inference ok 7.6s
[server] inference ok 6.6s
No <traj_future_start> token found in generated sequences for sequence 7
[server] inference ok 12.9s
[server] inference ok 5.6s
[server] inference ok 7.1s
[server] inference ok 6.0s
[server] inference ok 6.9s
[server] inference ok 8.5s
[server] inference ok 6.4s
[server] inference ok 6.5s
[server] inference ok 8.0s
[server] inference ok 6.2s
[server] inference ok 6.2s
[server] inference ok 5.7s
[server] inference ok 6.8s
[server] inference ok 6.2s
[server] inference ok 7.0s
[server] inference ok 7.2s
[server] inference ok 6.8s
[server] inference ok 7.0s
[server] inference ok 6.7s
[server] inference ok 5.8s
[server] inference ok 6.0s
[server] inference ok 7.1s
[server] inference ok 5.3s
[server] inference ok 6.5s
[server] inference ok 6.8s
[server] inference ok 6.3s
[server] inference ok 8.1s
[server] inference ok 6.6s
[server] inference ok 5.7s
[server] inference ok 6.5s
[server] inference ok 5.7s
[server] inference ok 6.0s
[server] inference ok 6.7s
[server] inference ok 6.1s
[server] inference ok 6.2s
[server] inference ok 7.5s
[server] inference ok 6.1s
[server] inference ok 6.2s
[server] inference ok 9.3s
[server] inference ok 7.2s
[server] inference ok 7.2s
[server] inference ok 7.1s
[server] inference ok 6.1s
[server] inference ok 6.4s
[server] inference ok 6.7s
[server] inference ok 6.1s
[server] inference ok 7.3s
[server] inference ok 7.3s
[server] inference ok 6.6s
[server] inference ok 6.5s
[server] inference ok 6.6s
[server] inference ok 6.2s
[server] inference ok 6.9s
[server] inference ok 6.5s
[server] inference ok 7.5s
[server] inference ok 6.2s
[server] inference ok 6.4s
[server] inference ok 6.1s
[server] inference ok 5.9s
[server] inference ok 6.3s
[server] inference ok 6.0s
[server] inference ok 6.3s
[server] inference ok 7.5s
[server] inference ok 7.6s
[server] inference ok 9.3s
[server] inference ok 6.3s
[server] inference ok 6.7s
[server] inference ok 6.2s
[server] inference ok 8.0s
[server] inference ok 6.1s
[server] inference ok 5.9s
[server] inference ok 10.8s
[server] inference ok 6.7s
[server] inference ok 5.6s
[server] inference ok 6.4s
[server] inference ok 6.5s
[server] inference ok 6.1s
[server] inference ok 5.9s
[server] inference ok 6.3s
[server] inference ok 6.9s
[server] inference ok 6.0s
[server] inference ok 5.8s
[server] inference ok 6.0s
[server] inference ok 5.9s
[server] inference ok 7.7s
[server] inference ok 6.1s
[server] inference ok 6.9s
[server] inference ok 6.4s
[server] inference ok 6.4s
[server] inference ok 8.1s
[server] inference ok 8.3s
[server] inference ok 6.9s
[server] inference ok 5.5s
[server] inference ok 6.5s
[server] inference ok 6.6s
[server] inference ok 7.4s
[server] inference ok 6.7s
[server] inference ok 7.3s
[server] inference ok 7.5s
[server] inference ok 5.9s
[server] inference ok 7.0s
[server] inference ok 7.4s
[server] inference ok 5.9s
[server] inference ok 5.6s
[server] inference ok 6.1s
[server] inference ok 9.5s
[server] inference ok 5.8s
[server] inference ok 6.5s
[server] inference ok 5.7s
[server] inference ok 6.7s
[server] inference ok 6.4s
[server] inference ok 5.8s
[server] inference ok 6.4s
[server] inference ok 5.7s
[server] inference ok 7.1s
[server] inference ok 7.5s
[server] inference ok 6.4s
[server] inference ok 6.3s
[server] inference ok 7.2s
[server] inference ok 7.4s
[server] inference ok 6.9s
[server] inference ok 6.6s
[server] inference ok 6.8s
[server] inference ok 6.4s
[server] inference ok 10.4s
[server] inference ok 6.4s
[server] inference ok 6.5s
[server] inference ok 8.6s
[server] inference ok 7.7s
[server] inference ok 5.4s
[server] inference ok 6.5s
[server] inference ok 6.9s
[server] inference ok 6.5s
[server] inference ok 6.2s
[server] inference ok 6.3s
[server] inference ok 6.5s
[server] inference ok 6.4s
[server] inference ok 5.9s
[server] inference ok 7.4s
[server] inference ok 6.1s
[server] inference ok 7.6s
[server] inference ok 6.1s
[server] inference ok 6.2s
[server] inference ok 6.6s
[server] inference ok 7.3s
[server] inference ok 6.7s
[server] inference ok 6.0s
[server] inference ok 6.2s
[server] inference ok 6.2s
[server] inference ok 6.4s
[server] inference ok 6.8s
[server] inference ok 6.8s
[server] inference ok 6.1s
[server] inference ok 6.6s
[server] inference ok 6.3s
[server] inference ok 5.9s
[server] inference ok 6.8s
[server] inference ok 8.1s
[server] inference ok 5.6s
[server] inference ok 7.1s
[server] inference ok 6.4s
[server] inference ok 6.6s
[server] inference ok 6.6s
[server] inference ok 6.3s
[server] inference ok 5.5s
[server] inference ok 6.5s
[server] inference ok 6.7s
[server] inference ok 6.5s
[server] inference ok 7.0s
[server] inference ok 9.3s
[server] inference ok 6.5s
[server] inference ok 5.8s
[server] inference ok 6.3s
[server] inference ok 6.8s
[server] inference ok 7.1s
[server] inference ok 7.0s
[server] inference ok 6.5s
[server] inference ok 5.6s
[server] inference ok 6.2s
[server] inference ok 7.3s
[server] inference ok 8.3s
[server] inference ok 6.4s
[server] inference ok 6.0s
[server] inference ok 7.5s
[server] inference ok 5.6s
[server] inference ok 6.1s
[server] inference ok 6.6s
[server] inference ok 6.1s
[server] inference ok 6.3s
[server] inference ok 6.6s
[server] inference ok 5.4s
[server] inference ok 8.2s
[server] inference ok 8.0s
[server] inference ok 6.8s
[server] inference ok 6.7s
[server] inference ok 8.5s
[server] inference ok 6.4s
[server] inference ok 7.4s
[server] inference ok 5.6s
[server] inference ok 6.1s
[server] inference ok 5.7s
[server] inference ok 6.2s
[server] inference ok 6.6s
[server] inference ok 6.4s
[server] inference ok 6.3s
[server] inference ok 8.4s
[server] inference ok 7.1s
[server] inference ok 6.5s
[server] inference ok 6.9s
[server] inference ok 6.5s
[server] inference ok 7.0s
[server] inference ok 6.6s
[server] inference ok 7.2s
[server] inference ok 7.3s
[server] inference ok 6.2s
[server] inference ok 8.4s
[server] inference ok 6.2s
[server] inference ok 6.7s
[server] inference ok 6.2s
[server] inference ok 5.7s
[server] inference ok 6.0s
[server] inference ok 6.2s
[server] inference ok 7.1s
[server] inference ok 6.3s
[server] inference ok 6.9s
[server] inference ok 6.4s
[server] inference ok 7.5s
[server] inference ok 7.2s
[server] inference ok 5.4s
[server] inference ok 6.1s
[server] inference ok 7.1s
[server] inference ok 6.1s
[server] inference ok 6.8s
[server] inference ok 6.7s
[server] inference ok 6.9s
[server] inference ok 7.0s
[server] inference ok 7.0s
[server] inference ok 5.7s
[server] inference ok 6.8s
[server] inference ok 6.2s
[server] inference ok 7.2s
[server] inference ok 7.3s
[server] inference ok 7.4s
[server] inference ok 6.1s
[server] inference ok 7.1s
[server] inference ok 6.9s
[server] inference ok 6.0s
[server] inference ok 6.9s
[server] inference ok 7.3s
[server] inference ok 6.5s
[server] inference ok 6.1s
[server] inference ok 6.4s
[server] inference ok 5.9s
[server] inference ok 6.9s
[server] inference ok 7.1s
[server] inference ok 6.2s
[server] inference ok 5.9s
[server] inference ok 6.0s
[server] inference ok 6.6s
[server] inference ok 6.1s
[server] inference ok 8.7s
[server] inference ok 5.8s
[server] inference ok 6.0s
[server] inference ok 7.1s
[server] inference ok 7.3s
[server] inference ok 6.2s
[server] inference ok 7.2s
[server] inference ok 6.5s
[server] inference ok 5.4s
[server] inference ok 6.0s
[server] inference ok 6.6s
[server] inference ok 7.1s
[server] inference ok 7.2s
[server] inference ok 6.1s
[server] inference ok 6.5s
[server] inference ok 5.8s
[server] inference ok 6.2s
[server] inference ok 6.2s
[server] inference ok 5.9s
[server] inference ok 6.5s
[server] inference ok 6.2s
[server] inference ok 12.1s
[server] inference ok 8.0s
[server] inference ok 6.8s
[server] inference ok 9.3s
[server] inference ok 6.2s
[server] inference ok 7.1s
[server] inference ok 6.8s
[server] inference ok 5.7s
[server] inference ok 6.4s
[server] inference ok 7.9s
[server] inference ok 6.3s
[server] inference ok 6.0s
[server] inference ok 6.1s
[server] inference ok 6.7s
[server] inference ok 6.0s
[server] inference ok 6.6s
[server] inference ok 9.0s
[server] inference ok 5.6s
[server] inference ok 6.7s
[server] inference ok 5.9s
[server] inference ok 6.4s
[server] inference ok 7.9s
[server] inference ok 6.7s
[server] inference ok 6.4s
[server] inference ok 6.6s
[server] inference ok 6.8s
[server] inference ok 6.9s
[server] inference ok 5.9s
[server] inference ok 6.6s
[server] inference ok 8.1s
[server] inference ok 5.8s
[server] inference ok 9.0s
[server] inference ok 5.7s
[server] inference ok 5.8s
[server] inference ok 5.8s
[server] inference ok 6.0s
[server] inference ok 6.0s
[server] inference ok 6.5s
[server] inference ok 6.1s
[server] inference ok 9.5s
[server] inference ok 5.7s
[server] inference ok 6.3s
[server] inference ok 6.4s
[server] inference ok 6.1s
[server] inference ok 6.4s
[server] inference ok 5.6s
[server] inference ok 6.3s
[server] inference ok 6.2s
[server] inference ok 7.0s
[server] inference ok 6.5s
[server] inference ok 6.2s
No <traj_future_start> token found in generated sequences for sequence 7
[server] inference ok 13.0s
[server] inference ok 5.7s
[server] inference ok 6.1s
[server] inference ok 6.5s
[server] inference ok 6.8s
[server] inference ok 9.8s
[server] inference ok 6.7s
[server] inference ok 6.1s
[server] inference ok 9.3s
[server] inference ok 6.8s
[server] inference ok 6.5s
[server] inference ok 5.8s
[server] inference ok 6.3s
[server] inference ok 6.6s
[server] inference ok 6.2s
[server] inference ok 6.3s
[server] inference ok 6.9s
[server] inference ok 6.2s
[server] inference ok 6.3s
[server] inference ok 8.3s
[server] inference ok 6.0s
[server] inference ok 6.3s
[server] inference ok 6.4s
[server] inference ok 6.7s
[server] inference ok 5.5s
[server] inference ok 6.7s
[server] inference ok 6.4s
[server] inference ok 6.3s
[server] inference ok 7.1s
[server] inference ok 6.2s
[server] inference ok 7.0s
[server] inference ok 6.5s
[server] inference ok 6.2s
[server] inference ok 8.2s
[server] inference ok 6.7s
[server] inference ok 6.2s
[server] inference ok 7.5s
[server] inference ok 6.8s
[server] inference ok 6.8s
[server] inference ok 7.3s
[server] inference ok 6.6s
[server] inference ok 6.4s
[server] inference ok 6.9s
[server] inference ok 6.0s
No <traj_future_start> token found in generated sequences for sequence 5
No <traj_future_start> token found in generated sequences for sequence 6
No <traj_future_start> token found in generated sequences for sequence 7
[server] inference ok 12.9s
[server] inference ok 5.6s
[server] inference ok 6.7s
[server] inference ok 6.1s
[server] inference ok 7.4s
[server] inference ok 5.7s
[server] inference ok 7.7s
[server] inference ok 6.4s
[server] inference ok 6.9s
[server] inference ok 6.3s
[server] inference ok 7.5s
[server] inference ok 6.0s
[server] inference ok 6.9s
[server] inference ok 6.0s
[server] inference ok 7.5s
[server] inference ok 6.3s
[server] inference ok 6.5s
[server] inference ok 6.3s
[server] inference ok 7.9s
[server] inference ok 6.4s
[server] inference ok 6.8s
[server] inference ok 7.4s
[server] inference ok 7.9s
[server] inference ok 7.0s
[server] inference ok 5.8s
[server] inference ok 6.5s
[server] inference ok 7.1s
[server] inference ok 6.1s
[server] inference ok 6.8s
[server] inference ok 6.9s
[server] inference ok 10.2s
[server] inference ok 7.4s
[server] inference ok 5.3s
[server] inference ok 6.0s
[server] inference ok 8.0s
[server] inference ok 6.1s
[server] inference ok 7.2s
[server] inference ok 7.9s
[server] inference ok 7.1s
[server] inference ok 6.7s
[server] inference ok 6.0s
[server] inference ok 6.7s
[server] inference ok 6.3s
[server] inference ok 5.9s
[server] inference ok 6.7s
[server] inference ok 6.3s
[server] inference ok 6.6s
[server] inference ok 6.5s
[server] inference ok 6.4s
[server] inference ok 6.2s
[server] inference ok 6.6s
[server] inference ok 6.4s
[server] inference ok 6.5s
[server] inference ok 7.9s
[server] inference ok 6.3s
[server] inference ok 5.8s
[server] inference ok 6.8s
[server] inference ok 6.2s
[server] inference ok 6.4s
[server] inference ok 5.7s
[server] inference ok 6.4s
[server] inference ok 5.8s
[server] inference ok 7.5s
[server] inference ok 6.8s
[server] inference ok 6.4s
[server] inference ok 7.1s
[server] inference ok 6.5s
[server] inference ok 7.0s
[server] inference ok 6.5s
[server] inference ok 8.4s
[server] inference ok 7.8s
[server] inference ok 6.8s
[server] inference ok 6.7s
[server] inference ok 6.3s
[server] inference ok 6.1s
[server] inference ok 6.1s
[server] inference ok 6.9s
[server] inference ok 6.3s
[server] inference ok 6.5s
[server] inference ok 6.0s
[server] inference ok 6.0s
[server] inference ok 7.0s
[server] inference ok 7.1s
[server] inference ok 6.9s
[server] inference ok 5.9s
[server] inference ok 6.7s
[server] inference ok 6.3s
[server] inference ok 6.3s
[server] inference ok 6.4s
[server] inference ok 5.9s
[server] inference ok 6.4s
[server] inference ok 6.8s
[server] inference ok 5.9s
[server] inference ok 6.1s
[server] inference ok 8.7s
[server] inference ok 6.6s
[server] inference ok 7.0s
[server] inference ok 7.0s
[server] inference ok 6.4s
[server] inference ok 7.0s
[server] inference ok 6.7s
[server] inference ok 6.4s
[server] inference ok 9.0s
[server] inference ok 6.3s
[server] inference ok 5.7s
[server] inference ok 6.4s
[server] inference ok 6.4s
[server] inference ok 6.0s
[server] inference ok 7.5s
[server] inference ok 6.9s
[server] inference ok 6.1s
[server] inference ok 6.1s
[server] inference ok 5.8s
[server] inference ok 6.7s
[server] inference ok 6.3s
[server] inference ok 6.5s
[server] inference ok 6.5s
[server] inference ok 8.1s
[server] inference ok 6.4s
[server] inference ok 6.8s
[server] inference ok 7.0s
[server] inference ok 7.0s
No <traj_future_start> token found in generated sequences for sequence 0
[server] inference ok 13.0s
[server] inference ok 6.1s
[server] inference ok 7.9s
[server] inference ok 7.3s
[server] inference ok 5.8s
[server] inference ok 7.5s
[server] inference ok 7.3s
[server] inference ok 5.8s
[server] inference ok 6.4s
[server] inference ok 5.9s
[server] inference ok 5.7s
[server] inference ok 6.8s
[server] inference ok 8.3s
[server] inference ok 7.0s
[server] inference ok 7.2s
[server] inference ok 5.8s
[server] inference ok 7.0s
[server] inference ok 6.1s
[server] inference ok 6.9s
[server] inference ok 6.4s
[server] inference ok 6.3s
[server] inference ok 6.9s
[server] inference ok 5.9s
[server] inference ok 7.2s
[server] inference ok 6.3s
[server] inference ok 6.1s
[server] inference ok 5.5s
[server] inference ok 7.1s
[server] inference ok 6.4s
[server] inference ok 6.8s
No <traj_future_start> token found in generated sequences for sequence 6
[server] inference ok 13.4s
[server] inference ok 6.5s
[server] inference ok 6.2s
[server] inference ok 5.6s
[server] inference ok 6.5s
[server] inference ok 6.3s
[server] inference ok 5.9s
[server] inference ok 6.2s
[server] inference ok 10.6s
[server] inference ok 7.3s
[server] inference ok 5.8s
[server] inference ok 6.4s
[server] inference ok 6.7s
[server] inference ok 8.9s
[server] inference ok 6.0s
[server] inference ok 6.3s
[server] inference ok 6.5s
[server] inference ok 7.1s
[server] inference ok 7.3s
[server] inference ok 9.7s
[server] inference ok 7.7s
[server] inference ok 7.7s
[server] inference ok 5.8s
[server] inference ok 7.1s
[server] inference ok 9.5s
[server] inference ok 5.8s
[server] inference ok 8.7s
[server] inference ok 6.3s
[server] inference ok 6.6s
[server] inference ok 6.9s
[server] inference ok 7.5s
[server] inference ok 6.9s
[server] inference ok 6.4s
[server] inference ok 7.5s
[server] inference ok 7.1s
[server] inference ok 7.2s
[server] inference ok 7.8s
[server] inference ok 6.9s
[server] inference ok 6.3s
[server] inference ok 8.0s
[server] inference ok 6.2s
[server] inference ok 9.0s
[server] inference ok 7.3s
[server] inference ok 8.2s
[server] inference ok 7.5s
[server] inference ok 6.7s
[server] inference ok 7.1s
[server] inference ok 6.5s
[server] inference ok 7.3s
[server] inference ok 6.8s
[server] inference ok 7.4s
[server] inference ok 6.7s
[server] inference ok 7.9s
[server] inference ok 8.0s
[server] inference ok 6.8s
[server] inference ok 7.6s
[server] inference ok 7.0s
[server] inference ok 8.0s
[server] inference ok 7.6s
[server] inference ok 6.0s
[server] inference ok 7.7s
[server] inference ok 7.2s
[server] inference ok 6.8s
[server] inference ok 7.3s
[server] inference ok 7.4s
[server] inference ok 6.5s
[server] inference ok 8.0s
[server] inference ok 7.7s
[server] inference ok 7.5s
[server] inference ok 5.7s
[server] inference ok 6.6s
[server] inference ok 6.5s
[server] inference ok 9.5s
[server] inference ok 7.9s
[server] inference ok 6.7s
[server] inference ok 8.0s
[server] inference ok 11.8s
[server] inference ok 11.0s
[server] inference ok 9.1s
[server] inference ok 8.0s
[server] inference ok 9.8s
[server] inference ok 7.1s
[server] inference ok 6.9s
[server] inference ok 7.0s
[server] inference ok 9.4s
[server] inference ok 7.4s
[server] inference ok 7.5s
[server] inference ok 7.5s
[server] inference ok 7.3s
[server] inference ok 8.6s
[server] inference ok 8.1s
[server] inference ok 5.8s
[server] inference ok 7.0s
[server] inference ok 6.8s
[server] inference ok 6.8s
[server] inference ok 7.1s
[server] inference ok 6.6s
[server] inference ok 8.0s
[server] inference ok 6.7s
[server] inference ok 7.7s
[server] inference ok 7.1s
[server] inference ok 6.3s
[server] inference ok 7.0s
[server] inference ok 8.4s
[server] inference ok 6.6s
[server] inference ok 6.4s
[server] inference ok 6.2s
[server] inference ok 6.9s
[server] inference ok 6.7s
[server] inference ok 4.3s
[server] inference ok 3.8s
[server] inference ok 5.1s
[server] inference ok 5.3s
[server] inference ok 4.3s
[server] inference ok 5.3s
[server] inference ok 4.3s
[server] inference ok 4.4s
[server] inference ok 4.1s
[server] inference ok 4.8s
[server] inference ok 6.6s
[server] inference ok 4.1s
[server] inference ok 4.4s
[server] inference ok 4.2s
[server] inference ok 5.0s
[server] inference ok 4.0s
[server] inference ok 4.8s
[server] inference ok 4.2s
[server] inference ok 5.5s
[server] inference ok 3.1s
[server] inference ok 2.7s
[server] inference ok 3.1s
[server] inference ok 5.2s
[server] inference ok 4.4s
[server] inference ok 5.2s
[server] inference ok 5.2s
[server] inference ok 4.3s
[server] inference ok 4.2s
[server] inference ok 6.0s
[server] inference ok 4.7s
[server] inference ok 5.9s
[server] inference ok 5.2s
[server] inference ok 4.1s
[server] inference ok 4.3s
[server] inference ok 4.9s
[server] inference ok 4.4s
[server] inference ok 4.2s
[server] inference ok 3.9s
[server] inference ok 4.9s
[server] inference ok 4.0s
[server] inference ok 5.2s
[server] inference ok 8.2s
[server] inference ok 6.8s
[server] inference ok 7.5s
[server] inference ok 6.2s
[server] inference ok 6.4s
[server] inference ok 6.5s
[server] inference ok 6.7s
[server] inference ok 7.7s
[server] inference ok 8.3s
[server] inference ok 6.5s
[server] inference ok 8.0s
[server] inference ok 7.2s
[server] inference ok 6.9s
[server] inference ok 5.7s
[server] inference ok 7.6s
[server] inference ok 7.6s
[server] inference ok 6.6s
[server] inference ok 7.0s
[server] inference ok 7.7s
[server] inference ok 6.3s
[server] inference ok 7.9s
[server] inference ok 7.8s
[server] inference ok 7.1s
[server] inference ok 6.8s
[server] inference ok 7.0s
[server] inference ok 6.6s
[server] inference ok 6.5s
[server] inference ok 7.1s
[server] inference ok 8.2s
[server] inference ok 7.4s
[server] inference ok 7.3s
[server] inference ok 7.3s
[server] inference ok 7.0s
[server] inference ok 7.9s
[server] inference ok 6.5s
[server] inference ok 6.9s
[server] inference ok 9.3s
[server] inference ok 7.2s
[server] inference ok 7.9s
[server] inference ok 7.3s
[server] inference ok 8.3s
[server] inference ok 6.3s
[server] inference ok 7.3s
[server] inference ok 6.9s
[server] inference ok 6.7s
[server] inference ok 7.0s
[server] inference ok 7.1s
[server] inference ok 6.2s
[server] inference ok 7.4s
[server] inference ok 6.7s
[server] inference ok 7.9s
[server] inference ok 6.7s
[server] inference ok 6.0s
[server] inference ok 7.9s
[server] inference ok 7.9s
[server] inference ok 6.5s
[server] inference ok 11.5s
[server] inference ok 8.1s
[server] inference ok 8.4s
[server] inference ok 6.8s
[server] inference ok 6.5s
[server] inference ok 7.0s
[server] inference ok 8.3s
[server] inference ok 6.0s
[server] inference ok 6.7s
[server] inference ok 8.5s
[server] inference ok 6.7s
[server] inference ok 6.7s
[server] inference ok 6.2s
[server] inference ok 6.1s
[server] inference ok 10.9s
[server] inference ok 6.7s
[server] inference ok 10.3s
[server] inference ok 7.4s
[server] inference ok 6.7s
[server] inference ok 7.0s
[server] inference ok 6.9s
[server] inference ok 7.6s
[server] inference ok 7.1s
[server] inference ok 7.7s
[server] inference ok 6.4s
[server] inference ok 8.3s
[server] inference ok 6.6s
[server] inference ok 6.1s
[server] inference ok 8.3s
[server] inference ok 5.7s
[server] inference ok 7.1s
[server] inference ok 6.4s
[server] inference ok 6.1s
[server] inference ok 7.9s
[server] inference ok 8.6s
[server] inference ok 10.3s
[server] inference ok 8.1s
[server] inference ok 6.5s
[server] inference ok 7.0s
[server] inference ok 6.4s
[server] inference ok 7.3s
[server] inference ok 6.8s
[server] inference ok 6.5s
[server] inference ok 6.6s
[server] inference ok 6.5s
[server] inference ok 7.9s
[server] inference ok 6.3s
[server] inference ok 7.2s
[server] inference ok 7.0s
[server] inference ok 6.8s
[server] inference ok 6.8s
[server] inference ok 7.3s
[server] inference ok 7.3s
[server] inference ok 5.7s
[server] inference ok 7.6s
[server] inference ok 11.2s
[server] inference ok 9.0s
[server] inference ok 7.4s
[server] inference ok 9.4s
[server] inference ok 5.9s
[server] inference ok 8.7s
[server] inference ok 7.0s
[server] inference ok 8.2s
[server] inference ok 6.7s
[server] inference ok 5.9s
[server] inference ok 6.9s
[server] inference ok 7.6s
[server] inference ok 7.6s
[server] inference ok 7.2s
[server] inference ok 7.1s
[server] inference ok 7.5s
[server] inference ok 7.9s
[server] inference ok 7.3s
[server] inference ok 5.5s
[server] inference ok 7.6s
[server] inference ok 6.6s
[server] inference ok 6.6s
[server] inference ok 7.4s
[server] inference ok 6.4s
[server] inference ok 6.8s
[server] inference ok 9.1s
[server] inference ok 7.0s
[server] inference ok 8.7s
[server] inference ok 6.3s
[server] inference ok 7.0s
[server] inference ok 8.7s
[server] inference ok 7.4s
[server] inference ok 6.5s
[server] inference ok 7.2s
[server] inference ok 7.2s
[server] inference ok 7.7s
[server] inference ok 6.0s
[server] inference ok 6.9s
[server] inference ok 7.5s
[server] inference ok 6.6s
[server] inference ok 7.1s
[server] inference ok 6.8s
[server] inference ok 7.9s
[server] inference ok 6.6s
[server] inference ok 6.6s
[server] inference ok 7.9s
[server] inference ok 6.8s
[server] inference ok 7.6s
[server] inference ok 7.0s
[server] inference ok 6.7s
[server] inference ok 6.4s
[server] inference ok 6.3s
[server] inference ok 6.3s
[server] inference ok 7.8s
[server] inference ok 8.1s
[server] inference ok 7.5s
[server] inference ok 8.5s
[server] inference ok 6.6s
[server] inference ok 9.5s
[server] inference ok 9.5s
[server] inference ok 6.6s
[server] inference ok 6.4s
[server] inference ok 7.6s
[server] inference ok 8.6s
[server] inference ok 7.0s
[server] inference ok 9.3s
[server] inference ok 6.2s
[server] inference ok 7.4s
[server] inference ok 8.1s
[server] inference ok 6.5s
[server] inference ok 8.3s
[server] inference ok 7.3s
[server] inference ok 7.5s
[server] inference ok 7.7s
[server] inference ok 6.4s
[server] inference ok 7.9s
[server] inference ok 6.3s
[server] inference ok 7.1s
[server] inference ok 7.2s
[server] inference ok 6.7s
[server] inference ok 8.0s
[server] inference ok 6.1s
[server] inference ok 6.4s
[server] inference ok 6.3s
[server] inference ok 9.0s
[server] inference ok 8.8s
[server] inference ok 7.2s
[server] inference ok 8.8s
[server] inference ok 5.9s
[server] inference ok 6.0s
[server] inference ok 7.3s
[server] inference ok 8.4s
[server] inference ok 6.7s
[server] inference ok 9.7s
[server] inference ok 7.2s
[server] inference ok 6.3s
[server] inference ok 8.4s
[server] inference ok 6.8s
[server] inference ok 6.1s
[server] inference ok 6.9s
[server] inference ok 6.8s
[server] inference ok 6.6s
[server] inference ok 7.0s
[server] inference ok 9.1s
[server] inference ok 8.1s
[server] inference ok 6.9s
[server] inference ok 8.3s
[server] inference ok 6.6s
[server] inference ok 6.7s
[server] inference ok 7.0s
[server] inference ok 6.3s
[server] inference ok 6.5s
[server] inference ok 6.2s
No <traj_future_start> token found in generated sequences for sequence 7
[server] inference ok 13.5s
[server] inference ok 7.2s
[server] inference ok 7.5s
[server] inference ok 6.8s
[server] inference ok 9.4s
[server] inference ok 7.5s
[server] inference ok 8.7s
[server] inference ok 7.1s
[server] inference ok 9.2s
[server] inference ok 7.3s
[server] inference ok 7.4s
[server] inference ok 11.7s
[server] inference ok 6.7s
[server] inference ok 7.1s
[server] inference ok 8.0s
[server] inference ok 9.1s
[server] inference ok 7.8s
[server] inference ok 8.5s
[server] inference ok 7.4s
[server] inference ok 7.8s
[server] inference ok 6.4s
[server] inference ok 6.4s
[server] inference ok 6.6s
[server] inference ok 6.9s
[server] inference ok 5.9s
No <traj_future_start> token found in generated sequences for sequence 1
[server] inference ok 13.2s
[server] inference ok 7.4s
[server] inference ok 8.2s
[server] inference ok 6.4s
[server] inference ok 8.2s
[server] inference ok 6.6s
[server] inference ok 8.0s
[server] inference ok 7.8s
[server] inference ok 6.7s
[server] inference ok 9.8s
[server] inference ok 10.1s
[server] inference ok 8.4s
[server] inference ok 5.5s
[server] inference ok 6.9s
[server] inference ok 7.3s
[server] inference ok 7.3s
[server] inference ok 7.6s
[server] inference ok 7.3s
[server] inference ok 6.2s
[server] inference ok 6.7s
[server] inference ok 7.4s
[server] inference ok 6.4s
[server] inference ok 6.9s
[server] inference ok 7.3s
[server] inference ok 5.6s
[server] inference ok 7.3s
[server] inference ok 9.4s
[server] inference ok 7.3s
[server] inference ok 7.0s
[server] inference ok 6.1s
[server] inference ok 8.1s
[server] inference ok 6.2s
[server] inference ok 6.6s
[server] inference ok 8.7s
[server] inference ok 6.5s
[server] inference ok 7.0s
[server] inference ok 7.8s
[server] inference ok 6.4s
[server] inference ok 7.7s
[server] inference ok 8.1s
[server] inference ok 9.1s
[server] inference ok 7.2s
[server] inference ok 6.6s
[server] inference ok 7.2s
[server] inference ok 9.2s
[server] inference ok 7.6s
[server] inference ok 6.3s
[server] inference ok 5.8s
[server] inference ok 6.9s
[server] inference ok 7.5s
[server] inference ok 10.0s
[server] inference ok 9.9s
[server] inference ok 7.1s
[server] inference ok 7.4s
[server] inference ok 9.7s
[server] inference ok 9.2s
[server] inference ok 7.6s
[server] inference ok 7.0s
[server] inference ok 6.3s
[server] inference ok 6.7s
[server] inference ok 6.7s
[server] inference ok 6.0s
[server] inference ok 5.9s
[server] inference ok 7.3s
[server] inference ok 6.0s
[server] inference ok 8.9s
[server] inference ok 8.4s
[server] inference ok 7.1s
[server] inference ok 7.1s
[server] inference ok 7.2s
[server] inference ok 6.3s
[server] inference ok 10.2s
[server] inference ok 6.4s
[server] inference ok 6.5s
[server] inference ok 7.9s
[server] inference ok 7.3s
[server] inference ok 6.4s
[server] inference ok 6.8s
[server] inference ok 8.3s
[server] inference ok 7.0s
[server] inference ok 6.5s
[server] inference ok 7.6s
[server] inference ok 9.0s
[server] inference ok 6.8s
[server] inference ok 6.7s
[server] inference ok 6.4s
[server] inference ok 6.1s
[server] inference ok 6.5s
[server] inference ok 6.8s
[server] inference ok 5.8s
[server] inference ok 8.1s
[server] inference ok 9.1s
[server] inference ok 6.7s
[server] inference ok 6.3s
[server] inference ok 6.8s
[server] inference ok 7.1s
[server] inference ok 9.7s
[server] inference ok 8.2s
[server] inference ok 6.5s
[server] inference ok 7.5s
[server] inference ok 6.6s
[server] inference ok 7.1s
[server] inference ok 7.5s
[server] inference ok 7.5s
[server] inference ok 7.0s
[server] inference ok 7.6s
[server] inference ok 7.3s
[server] inference ok 7.2s
[server] inference ok 5.6s
[server] inference ok 7.2s
[server] inference ok 6.3s
[server] inference ok 7.3s
[server] inference ok 7.0s
[server] inference ok 9.3s
[server] inference ok 9.8s
[server] inference ok 6.7s
[server] inference ok 7.2s
[server] inference ok 7.3s
[server] inference ok 6.7s
[server] inference ok 5.7s
[server] inference ok 7.3s
[server] inference ok 6.4s
[server] inference ok 6.7s
[server] inference ok 9.5s
[server] inference ok 6.5s
[server] inference ok 7.1s
[server] inference ok 6.7s
[server] inference ok 6.5s
[server] inference ok 6.1s
[server] inference ok 8.2s
[server] inference ok 6.2s
[server] inference ok 9.4s
[server] inference ok 10.2s
[server] inference ok 6.8s
[server] inference ok 8.2s
[server] inference ok 7.4s
[server] inference ok 7.6s
[server] inference ok 7.1s
[server] inference ok 7.1s
[server] inference ok 9.9s
[server] inference ok 7.2s
[server] inference ok 7.2s
[server] inference ok 5.7s
[server] inference ok 6.7s
[server] inference ok 6.5s
No <traj_future_start> token found in generated sequences for sequence 2
[server] inference ok 13.1s
[server] inference ok 7.7s
[server] inference ok 7.1s
[server] inference ok 7.5s
[server] inference ok 7.5s
[server] inference ok 6.4s
[server] inference ok 8.5s
[server] inference ok 6.7s
[server] inference ok 6.6s
[server] inference ok 6.7s
[server] inference ok 6.3s
[server] inference ok 6.2s
[server] inference ok 6.8s
[server] inference ok 8.2s
[server] inference ok 5.7s
[server] inference ok 6.6s
[server] inference ok 8.0s
[server] inference ok 7.5s
[server] inference ok 8.0s
[server] inference ok 7.4s
[server] inference ok 7.3s
[server] inference ok 6.6s
[server] inference ok 7.0s
[server] inference ok 8.6s
[server] inference ok 10.8s
[server] inference ok 6.6s
[server] inference ok 7.6s
[server] inference ok 9.4s
[server] inference ok 9.3s
[server] inference ok 6.4s
[server] inference ok 6.6s
[server] inference ok 7.6s
[server] inference ok 5.6s
[server] inference ok 6.9s
[server] inference ok 8.0s
[server] inference ok 7.1s
[server] inference ok 6.7s
[server] inference ok 6.5s
[server] inference ok 10.1s
[server] inference ok 9.9s
[server] inference ok 6.9s
[server] inference ok 7.1s
[server] inference ok 6.5s
[server] inference ok 7.5s
[server] inference ok 9.0s
[server] inference ok 8.2s
[server] inference ok 6.4s
[server] inference ok 6.6s
[server] inference ok 6.9s
[server] inference ok 6.7s
[server] inference ok 8.5s
[server] inference ok 9.7s
[server] inference ok 6.8s
[server] inference ok 7.1s
[server] inference ok 6.0s
[server] inference ok 7.3s
[server] inference ok 7.4s
[server] inference ok 7.2s
[server] inference ok 7.5s
[server] inference ok 6.0s
[server] inference ok 7.0s
[server] inference ok 7.8s
[server] inference ok 7.2s
[server] inference ok 6.7s
[server] inference ok 8.1s
[server] inference ok 6.4s
[server] inference ok 7.4s
[server] inference ok 6.9s
[server] inference ok 10.1s
[server] inference ok 9.2s
[server] inference ok 6.9s
[server] inference ok 6.7s
[server] inference ok 7.9s
[server] inference ok 6.4s
[server] inference ok 7.0s
[server] inference ok 7.2s
[server] inference ok 7.1s
[server] inference ok 6.2s
[server] inference ok 7.4s
[server] inference ok 7.8s
No <traj_future_start> token found in generated sequences for sequence 6
[server] inference ok 14.4s
[server] inference ok 7.6s
[server] inference ok 7.8s
[server] inference ok 6.8s
[server] inference ok 6.7s
[server] inference ok 7.2s
[server] inference ok 9.7s
[server] inference ok 7.4s
[server] inference ok 7.6s
[server] inference ok 7.7s
[server] inference ok 7.1s
[server] inference ok 7.3s
[server] inference ok 6.8s
[server] inference ok 6.5s
[server] inference ok 10.4s
[server] inference ok 9.7s
[server] inference ok 9.3s
[server] inference ok 7.7s
[server] inference ok 7.0s
[server] inference ok 6.9s
[server] inference ok 7.3s
[server] inference ok 7.1s
[server] inference ok 6.0s
[server] inference ok 6.7s
[server] inference ok 6.7s
[server] inference ok 8.5s
[server] inference ok 7.9s
[server] inference ok 7.1s
[server] inference ok 6.2s
[server] inference ok 8.2s
[server] inference ok 9.5s
[server] inference ok 6.2s
[server] inference ok 9.1s
[server] inference ok 6.9s
[server] inference ok 7.7s
[server] inference ok 6.4s
[server] inference ok 7.5s
[server] inference ok 6.5s
[server] inference ok 6.5s
[server] inference ok 6.3s
[server] inference ok 8.0s
[server] inference ok 7.3s
[server] inference ok 6.3s
[server] inference ok 7.0s
[server] inference ok 8.8s
[server] inference ok 6.9s
[server] inference ok 7.0s
[server] inference ok 7.6s
[server] inference ok 7.5s
[server] inference ok 8.0s
[server] inference ok 7.5s
[server] inference ok 6.4s
[server] inference ok 5.8s
[server] inference ok 6.7s
[server] inference ok 9.6s
[server] inference ok 7.3s
[server] inference ok 7.2s
[server] inference ok 6.9s
[server] inference ok 8.0s
[server] inference ok 7.6s
[server] inference ok 10.1s
[server] inference ok 6.5s
[server] inference ok 7.4s
[server] inference ok 6.4s
[server] inference ok 8.0s
[server] inference ok 6.3s
[server] inference ok 6.1s
[server] inference ok 6.8s
[server] inference ok 7.7s
[server] inference ok 7.0s
[server] inference ok 9.9s
[server] inference ok 8.0s
[server] inference ok 7.0s
[server] inference ok 7.1s
[server] inference ok 8.0s
[server] inference ok 7.1s
[server] inference ok 7.8s
[server] inference ok 9.9s
[server] inference ok 7.0s
[server] inference ok 6.9s
[server] inference ok 7.6s
[server] inference ok 6.1s
[server] inference ok 6.9s
[server] inference ok 6.6s
[server] inference ok 7.5s
[server] inference ok 8.6s
[server] inference ok 7.3s
[server] inference ok 7.1s
[server] inference ok 10.0s
[server] inference ok 9.2s
[server] inference ok 6.7s
[server] inference ok 6.7s
[server] inference ok 8.5s
[server] inference ok 6.5s
[server] inference ok 6.7s
[server] inference ok 7.6s
[server] inference ok 7.6s
[server] inference ok 7.1s
[server] inference ok 6.9s
[server] inference ok 9.7s
[server] inference ok 6.7s
[server] inference ok 7.1s
[server] inference ok 7.6s
[server] inference ok 6.9s
No <traj_future_start> token found in generated sequences for sequence 1
[server] inference ok 13.9s
[server] inference ok 6.7s
[server] inference ok 6.5s
[server] inference ok 7.0s
[server] inference ok 7.2s
[server] inference ok 6.0s
[server] inference ok 7.7s
[server] inference ok 7.3s
[server] inference ok 7.4s
[server] inference ok 6.9s
[server] inference ok 6.9s
[server] inference ok 10.2s
[server] inference ok 7.0s
[server] inference ok 7.8s
[server] inference ok 7.3s
[server] inference ok 9.8s
[server] inference ok 6.9s
[server] inference ok 8.9s
[server] inference ok 7.2s
[server] inference ok 6.5s
[server] inference ok 6.3s
[server] inference ok 9.8s
[server] inference ok 6.9s
[server] inference ok 7.6s
[server] inference ok 6.9s
[server] inference ok 6.9s
[server] inference ok 6.4s
[server] inference ok 7.6s
[server] inference ok 6.2s
[server] inference ok 6.1s
[server] inference ok 6.8s
[server] inference ok 8.2s
[server] inference ok 8.9s
[server] inference ok 7.3s
[server] inference ok 7.2s
[server] inference ok 7.6s
[server] inference ok 7.3s
[server] inference ok 9.2s
[server] inference ok 6.8s
[server] inference ok 5.6s
[server] inference ok 8.9s
[server] inference ok 6.6s
[server] inference ok 6.6s
[server] inference ok 6.0s
[server] inference ok 7.1s
[server] inference ok 6.3s
[server] inference ok 8.2s
[server] inference ok 7.3s
[server] inference ok 7.6s
[server] inference ok 7.3s
[server] inference ok 7.3s
[server] inference ok 6.7s
[server] inference ok 7.0s
[server] inference ok 6.7s
[server] inference ok 6.4s
[server] inference ok 7.2s
[server] inference ok 6.7s
[server] inference ok 6.1s
[server] inference ok 6.7s
[server] inference ok 7.7s
[server] inference ok 7.3s
[server] inference ok 7.0s
[server] inference ok 6.7s
[server] inference ok 6.9s
[server] inference ok 7.4s
[server] inference ok 7.2s
[server] inference ok 7.1s
[server] inference ok 7.3s
[server] inference ok 7.1s
[server] inference ok 6.9s
[server] inference ok 6.7s
[server] inference ok 6.8s
[server] inference ok 6.7s
[server] inference ok 7.4s
[server] inference ok 6.9s
[server] inference ok 8.7s
[server] inference ok 5.7s
[server] inference ok 6.4s
[server] inference ok 5.9s
[server] inference ok 6.5s
[server] inference ok 7.4s
[server] inference ok 6.1s
[server] inference ok 8.4s
[server] inference ok 8.9s
[server] inference ok 8.3s
[server] inference ok 7.0s
[server] inference ok 5.5s
[server] inference ok 6.6s
[server] inference ok 6.1s
[server] inference ok 6.3s
[server] inference ok 9.0s
[server] inference ok 5.9s
[server] inference ok 6.6s
[server] inference ok 6.3s
[server] inference ok 6.9s
[server] inference ok 6.7s
[server] inference ok 6.1s
[server] inference ok 4.1s
[server] inference ok 3.8s
[server] inference ok 4.0s
[server] inference ok 3.9s
[server] inference ok 3.9s
[server] inference ok 4.8s
[server] inference ok 4.0s
[server] inference ok 4.0s
[server] inference ok 3.8s
[server] inference ok 3.6s
[server] inference ok 4.1s
[server] inference ok 3.7s
[server] inference ok 3.8s
[server] inference ok 4.2s
[server] inference ok 3.9s
[server] inference ok 4.0s
[server] inference ok 4.2s
[server] inference ok 3.8s
[server] inference ok 3.9s
[server] inference ok 4.2s
[server] inference ok 3.8s
[server] inference ok 4.8s
[server] inference ok 6.4s
[server] inference ok 6.4s
[server] inference ok 5.8s
[server] inference ok 5.1s
[server] inference ok 7.0s
[server] inference ok 8.0s
[server] inference ok 6.4s
[server] inference ok 6.4s
[server] inference ok 7.4s
[server] inference ok 6.1s
[server] inference ok 6.3s
[server] inference ok 6.4s
[server] inference ok 8.3s
[server] inference ok 8.2s
[server] inference ok 6.0s
[server] inference ok 7.6s
[server] inference ok 5.9s
[server] inference ok 6.4s
[server] inference ok 5.6s
[server] inference ok 6.5s
[server] inference ok 6.9s
[server] inference ok 8.5s
[server] inference ok 8.1s
[server] inference ok 6.6s
[server] inference ok 5.5s
[server] inference ok 7.0s
[server] inference ok 6.2s
[server] inference ok 6.8s
[server] inference ok 7.6s
[server] inference ok 6.6s
[server] inference ok 6.3s
[server] inference ok 5.5s
[server] inference ok 6.6s
[server] inference ok 6.0s
[server] inference ok 9.6s
[server] inference ok 5.6s
[server] inference ok 5.6s
[server] inference ok 6.1s
[server] inference ok 6.7s
[server] inference ok 6.0s
[server] inference ok 5.9s
[server] inference ok 6.8s
[server] inference ok 5.7s
[server] inference ok 5.4s
[server] inference ok 5.9s
[server] inference ok 6.2s
[server] inference ok 5.9s
[server] inference ok 6.6s
[server] inference ok 5.7s
[server] inference ok 5.7s
[server] inference ok 6.4s
[server] inference ok 5.2s
[server] inference ok 6.5s
[server] inference ok 6.5s
[server] inference ok 7.4s
[server] inference ok 5.8s
[server] inference ok 6.5s
[server] inference ok 6.8s
[server] inference ok 6.3s
[server] inference ok 10.1s
[server] inference ok 9.1s
[server] inference ok 9.0s
[server] inference ok 6.8s
[server] inference ok 6.1s
[server] inference ok 5.6s
[server] inference ok 6.4s
[server] inference ok 6.3s
[server] inference ok 6.1s
[server] inference ok 6.6s
[server] inference ok 7.0s
[server] inference ok 6.9s
[server] inference ok 6.4s
[server] inference ok 6.6s
[server] inference ok 6.5s
[server] inference ok 6.8s
[server] inference ok 6.0s
[server] inference ok 6.2s
[server] inference ok 6.7s
[server] inference ok 6.1s
[server] inference ok 6.2s
[server] inference ok 6.6s
[server] inference ok 5.1s
[server] inference ok 5.6s
[server] inference ok 5.4s
[server] inference ok 6.4s
[server] inference ok 6.7s
[server] inference ok 6.0s
[server] inference ok 6.4s
[server] inference ok 6.2s
[server] inference ok 7.2s
[server] inference ok 5.8s
[server] inference ok 5.5s
[server] inference ok 9.6s
[server] inference ok 5.9s
[server] inference ok 6.5s
[server] inference ok 8.0s
[server] inference ok 7.0s
[server] inference ok 8.5s
[server] inference ok 6.1s
[server] inference ok 7.1s
[server] inference ok 7.7s
[server] inference ok 4.2s
[server] inference ok 3.8s
[server] inference ok 3.8s
[server] inference ok 3.9s
[server] inference ok 4.1s
[server] inference ok 3.8s
[server] inference ok 3.6s
[server] inference ok 3.9s
[server] inference ok 3.8s
[server] inference ok 4.0s
[server] inference ok 3.9s
[server] inference ok 5.6s
[server] inference ok 3.9s
[server] inference ok 4.8s
[server] inference ok 3.9s
[server] inference ok 4.0s
[server] inference ok 5.9s
[server] inference ok 3.8s
[server] inference ok 3.7s
[server] inference ok 4.0s
[server] inference ok 5.8s
[server] inference ok 6.1s
[server] inference ok 5.8s
[server] inference ok 6.6s
[server] inference ok 5.9s
[server] inference ok 7.2s
[server] inference ok 6.4s
No <traj_future_start> token found in generated sequences for sequence 2
[server] inference ok 12.7s
[server] inference ok 6.8s
[server] inference ok 5.9s
[server] inference ok 6.4s
[server] inference ok 8.2s
[server] inference ok 5.9s
[server] inference ok 6.2s
[server] inference ok 5.6s
[server] inference ok 6.0s
[server] inference ok 7.4s
[server] inference ok 5.6s
[server] inference ok 6.7s
[server] inference ok 9.3s
[server] inference ok 6.7s
[server] inference ok 6.1s
[server] inference ok 8.5s
[server] inference ok 7.1s
[server] inference ok 5.6s
[server] inference ok 6.4s
[server] inference ok 7.4s
[server] inference ok 6.0s
[server] inference ok 8.0s
[server] inference ok 6.7s
[server] inference ok 6.0s
[server] inference ok 6.9s
[server] inference ok 9.3s
No <traj_future_start> token found in generated sequences for sequence 3
[server] inference ok 13.3s
[server] inference ok 8.2s
[server] inference ok 5.9s
[server] inference ok 6.5s
[server] inference ok 6.3s
[server] inference ok 6.5s
[server] inference ok 6.5s
[server] inference ok 8.9s
[server] inference ok 6.5s
[server] inference ok 5.9s
[server] inference ok 6.2s
[server] inference ok 7.9s
[server] inference ok 7.1s
[server] inference ok 6.0s
[server] inference ok 5.4s
[server] inference ok 6.6s
[server] inference ok 6.6s
[server] inference ok 6.2s
[server] inference ok 9.5s
[server] inference ok 5.5s
[server] inference ok 6.6s
[server] inference ok 9.0s
[server] inference ok 5.5s
[server] inference ok 6.2s
[server] inference ok 8.3s
[server] inference ok 6.6s
[server] inference ok 9.5s
[server] inference ok 6.0s
[server] inference ok 6.2s
[server] inference ok 5.8s
[server] inference ok 7.6s
[server] inference ok 6.5s
[server] inference ok 7.6s
[server] inference ok 9.1s
[server] inference ok 5.5s
[server] inference ok 5.6s
[server] inference ok 7.6s
[server] inference ok 6.6s
[server] inference ok 6.4s
[server] inference ok 8.3s
[server] inference ok 6.6s
[server] inference ok 6.6s
[server] inference ok 6.2s
[server] inference ok 5.4s
[server] inference ok 6.6s
[server] inference ok 5.7s
[server] inference ok 5.9s
[server] inference ok 6.5s
[server] inference ok 5.5s
[server] inference ok 7.1s
[server] inference ok 5.4s
[server] inference ok 6.6s
[server] inference ok 8.1s
[server] inference ok 7.4s
[server] inference ok 5.7s
[server] inference ok 6.3s
[server] inference ok 6.4s
[server] inference ok 7.5s
[server] inference ok 6.2s
[server] inference ok 6.2s
[server] inference ok 8.9s
[server] inference ok 7.4s
[server] inference ok 6.5s
[server] inference ok 6.6s
[server] inference ok 6.2s
[server] inference ok 6.8s
[server] inference ok 5.7s
[server] inference ok 6.8s
[server] inference ok 6.0s
[server] inference ok 7.4s
[server] inference ok 7.0s
[server] inference ok 5.4s
[server] inference ok 6.7s
[server] inference ok 5.9s
[server] inference ok 6.1s
[server] inference ok 6.0s
[server] inference ok 6.1s
[server] inference ok 8.3s
[server] inference ok 6.5s
[server] inference ok 5.7s
[server] inference ok 8.7s
[server] inference ok 6.4s
[server] inference ok 6.3s
[server] inference ok 6.0s
[server] inference ok 5.9s
[server] inference ok 7.7s
[server] inference ok 5.9s
[server] inference ok 5.6s
[server] inference ok 5.8s
[server] inference ok 5.5s
[server] inference ok 5.3s
[server] inference ok 6.7s
[server] inference ok 5.6s
[server] inference ok 6.1s
[server] inference ok 5.4s
[server] inference ok 5.5s
[server] inference ok 6.1s
[server] inference ok 6.6s
[server] inference ok 5.9s
[server] inference ok 5.7s
[server] inference ok 5.7s
[server] inference ok 6.3s
[server] inference ok 10.2s
[server] inference ok 8.4s
[server] inference ok 6.3s
[server] inference ok 8.0s
[server] inference ok 6.4s
[server] inference ok 6.4s
[server] inference ok 6.1s
[server] inference ok 5.6s
[server] inference ok 6.7s
[server] inference ok 7.3s
[server] inference ok 6.6s
[server] inference ok 6.3s
[server] inference ok 9.1s
[server] inference ok 5.9s
[server] inference ok 6.9s
[server] inference ok 6.7s
[server] inference ok 9.7s
[server] inference ok 6.9s
[server] inference ok 6.0s
[server] inference ok 6.7s
[server] inference ok 8.8s
[server] inference ok 6.8s
[server] inference ok 5.5s
[server] inference ok 5.7s
[server] inference ok 6.3s
[server] inference ok 6.8s
[server] inference ok 5.9s
[server] inference ok 6.2s
[server] inference ok 6.1s
[server] inference ok 6.5s
[server] inference ok 8.2s
[server] inference ok 6.4s
[server] inference ok 6.1s
[server] inference ok 6.4s
[server] inference ok 5.7s
[server] inference ok 6.8s
[server] inference ok 6.2s
[server] inference ok 5.5s
[server] inference ok 6.0s
[server] inference ok 6.9s
[server] inference ok 6.1s
[server] inference ok 6.3s
[server] inference ok 6.3s
[server] inference ok 6.0s
[server] inference ok 6.0s
[server] inference ok 8.4s
[server] inference ok 6.0s
[server] inference ok 6.2s
[server] inference ok 5.9s
[server] inference ok 6.1s
[server] inference ok 6.3s
[server] inference ok 6.3s
[server] inference ok 5.8s
[server] inference ok 6.4s
[server] inference ok 5.4s
[server] inference ok 7.3s
[server] inference ok 6.4s
[server] inference ok 6.0s
[server] inference ok 6.3s
[server] inference ok 6.8s
[server] inference ok 5.5s
[server] inference ok 5.7s
[server] inference ok 6.5s
[server] inference ok 6.7s
[server] inference ok 6.0s
[server] inference ok 6.6s
[server] inference ok 7.2s
[server] inference ok 6.3s
[server] inference ok 6.0s
[server] inference ok 7.4s
[server] inference ok 6.1s
[server] inference ok 5.7s
[server] inference ok 5.7s
[server] inference ok 6.9s
[server] inference ok 6.8s
[server] inference ok 7.8s
[server] inference ok 5.9s
[server] inference ok 5.7s
[server] inference ok 6.7s
[server] inference ok 6.1s
[server] inference ok 6.4s
[server] inference ok 6.8s
[server] inference ok 6.1s
[server] inference ok 6.2s
[server] inference ok 6.0s
[server] inference ok 9.4s
[server] inference ok 6.5s
[server] inference ok 9.9s
[server] inference ok 6.1s
[server] inference ok 6.6s
[server] inference ok 5.7s
[server] inference ok 6.4s
[server] inference ok 6.0s
[server] inference ok 6.9s
[server] inference ok 6.3s
[server] inference ok 6.5s
[server] inference ok 6.8s
[server] inference ok 5.8s
[server] inference ok 6.4s
[server] inference ok 6.1s
[server] inference ok 6.1s
[server] inference ok 7.2s
[server] inference ok 6.2s
[server] inference ok 7.3s
[server] inference ok 6.5s
[server] inference ok 7.7s
[server] inference ok 6.3s
[server] inference ok 7.1s
[server] inference ok 7.8s
[server] inference ok 5.6s
[server] inference ok 6.2s
[server] inference ok 6.4s
[server] inference ok 7.5s
[server] inference ok 6.0s
[server] inference ok 6.3s
[server] inference ok 6.4s
[server] inference ok 6.9s
[server] inference ok 5.5s
[server] inference ok 5.6s
[server] inference ok 6.4s
[server] inference ok 6.4s
[server] inference ok 6.6s
[server] inference ok 6.1s
[server] inference ok 6.2s
[server] inference ok 6.6s
[server] inference ok 6.2s
[server] inference ok 5.9s
[server] inference ok 6.4s
[server] inference ok 6.2s
[server] inference ok 7.9s
[server] inference ok 5.8s
[server] inference ok 5.8s
[server] inference ok 5.8s
[server] inference ok 5.9s
[server] inference ok 5.9s
[server] inference ok 6.2s
[server] inference ok 6.3s
[server] inference ok 6.5s
[server] inference ok 6.2s
[server] inference ok 5.8s
[server] inference ok 6.3s
[server] inference ok 9.3s
[server] inference ok 6.2s
[server] inference ok 6.1s
[server] inference ok 6.4s
[server] inference ok 5.5s
[server] inference ok 6.1s
[server] inference ok 6.4s
[server] inference ok 6.1s
[server] inference ok 7.9s
[server] inference ok 6.5s
[server] inference ok 6.5s
[server] inference ok 6.1s
[server] inference ok 8.2s
[server] inference ok 6.8s
[server] inference ok 8.7s
[server] inference ok 8.3s
[server] inference ok 9.4s
[server] inference ok 6.3s
[server] inference ok 7.0s
[server] inference ok 6.3s
[server] inference ok 6.7s
[server] inference ok 6.8s
[server] inference ok 7.0s
[server] inference ok 6.4s
[server] inference ok 5.6s
[server] inference ok 5.3s
[server] inference ok 5.9s
[server] inference ok 5.7s
[server] inference ok 7.6s
[server] inference ok 7.7s
[server] inference ok 8.6s
[server] inference ok 6.1s
[server] inference ok 7.2s
[server] inference ok 7.5s
[server] inference ok 6.4s
[server] inference ok 7.9s
[server] inference ok 6.3s
[server] inference ok 6.4s
[server] inference ok 6.4s
[server] inference ok 7.1s
[server] inference ok 9.2s
[server] inference ok 7.8s
[server] inference ok 6.4s
[server] inference ok 8.2s
[server] inference ok 6.5s
[server] inference ok 6.3s
[server] inference ok 6.9s
[server] inference ok 6.1s
[server] inference ok 6.6s
[server] inference ok 6.2s
[server] inference ok 6.5s
[server] inference ok 5.7s
[server] inference ok 7.0s
[server] inference ok 7.0s
[server] inference ok 8.1s
[server] inference ok 6.7s
[server] inference ok 6.9s
[server] inference ok 6.5s
[server] inference ok 5.7s
[server] inference ok 6.2s
[server] inference ok 6.1s
[server] inference ok 6.0s
[server] inference ok 6.0s
[server] inference ok 6.3s
[server] inference ok 6.3s
[server] inference ok 6.4s
[server] inference ok 6.2s
[server] inference ok 6.9s
[server] inference ok 6.6s
[server] inference ok 8.6s
[server] inference ok 5.6s
[server] inference ok 8.7s
[server] inference ok 6.5s
[server] inference ok 6.4s
[server] inference ok 6.6s
[server] inference ok 6.0s
[server] inference ok 6.0s
[server] inference ok 6.5s
[server] inference ok 6.5s
[server] inference ok 6.9s
[server] inference ok 5.8s
[server] inference ok 6.2s
[server] inference ok 7.8s
[server] inference ok 6.3s
[server] inference ok 6.2s
No <traj_future_start> token found in generated sequences for sequence 1
[server] inference ok 13.0s
[server] inference ok 6.4s
[server] inference ok 7.7s
[server] inference ok 6.4s
[server] inference ok 6.2s
[server] inference ok 8.3s
[server] inference ok 6.6s
[server] inference ok 7.0s
[server] inference ok 6.6s
[server] inference ok 5.7s
[server] inference ok 6.6s
[server] inference ok 5.9s
[server] inference ok 6.3s
[server] inference ok 7.8s
[server] inference ok 6.4s
[server] inference ok 6.3s
[server] inference ok 6.4s
[server] inference ok 6.9s
[server] inference ok 6.4s
[server] inference ok 6.6s
[server] inference ok 8.1s
[server] inference ok 6.8s
[server] inference ok 7.1s
[server] inference ok 6.3s
[server] inference ok 5.9s
[server] inference ok 6.4s
[server] inference ok 6.3s
[server] inference ok 5.8s
[server] inference ok 6.2s
[server] inference ok 6.7s
[server] inference ok 7.1s
[server] inference ok 6.5s
[server] inference ok 7.8s
[server] inference ok 9.2s
[server] inference ok 5.7s
[server] inference ok 6.0s
[server] inference ok 6.1s
[server] inference ok 5.8s
[server] inference ok 6.0s
[server] inference ok 6.0s
[server] inference ok 6.4s
[server] inference ok 5.4s
[server] inference ok 7.2s
[server] inference ok 6.5s
[server] inference ok 6.4s
[server] inference ok 7.7s
[server] inference ok 6.7s
[server] inference ok 6.2s
[server] inference ok 9.2s
[server] inference ok 7.0s
[server] inference ok 6.9s
[server] inference ok 6.5s
[server] inference ok 6.3s
[server] inference ok 6.8s
[server] inference ok 6.0s
[server] inference ok 5.9s
[server] inference ok 7.2s
[server] inference ok 5.9s
[server] inference ok 9.0s
[server] inference ok 6.7s
[server] inference ok 5.7s
[server] inference ok 5.9s
[server] inference ok 8.0s
[server] inference ok 5.6s
[server] inference ok 6.8s
[server] inference ok 6.6s
[server] inference ok 6.0s
[server] inference ok 7.2s
